[2016-11-15 10:04:46] slim-app.INFO: Slim-Skeleton '/' route [] {"uid":"57fe21a"}
[2016-11-15 10:04:47] slim-app.INFO: Slim-Skeleton '/' route [] {"uid":"dff7cfc"}
[2016-11-15 10:20:18] slim-app.INFO: Showing '/' home page [] {"uid":"e3080d6"}
[2016-11-15 10:20:18] slim-app.INFO: Showing '/' home page [] {"uid":"eb2983e"}
[2016-11-15 10:20:24] slim-app.INFO: Showing '/' sign-up page [] {"uid":"0252dda"}
[2016-11-15 10:20:24] slim-app.INFO: Showing '/' home page [] {"uid":"6d91105"}
[2016-11-15 10:22:28] slim-app.INFO: Showing '/' home page [] {"uid":"c7c27ca"}
[2016-11-15 10:22:28] slim-app.DEBUG: Value of 11: 11 [] {"uid":"c7c27ca"}
[2016-11-15 10:22:28] slim-app.INFO: Showing '/' home page [] {"uid":"94c68eb"}
[2016-11-15 10:22:28] slim-app.DEBUG: Value of 11: 11 [] {"uid":"94c68eb"}
[2016-11-15 10:31:53] slim-app.INFO: Showing '/' home page [] {"uid":"8d16ede"}
[2016-11-15 10:31:53] slim-app.INFO: Showing '/' home page [] {"uid":"9bac725"}
[2016-11-15 10:31:56] slim-app.INFO: Showing '/' home page [] {"uid":"6c0d925"}
[2016-11-15 10:31:56] slim-app.INFO: Showing '/' home page [] {"uid":"4059c0c"}
[2016-11-15 10:31:57] slim-app.INFO: Showing '/' home page [] {"uid":"2006529"}
[2016-11-15 10:31:57] slim-app.INFO: Showing '/' home page [] {"uid":"75ee0fd"}
[2016-11-15 10:31:58] slim-app.INFO: Showing '/' home page [] {"uid":"5d39a80"}
[2016-11-15 10:31:58] slim-app.INFO: Showing '/' home page [] {"uid":"0092e49"}
[2016-11-15 10:32:15] slim-app.INFO: Showing '/' home page [] {"uid":"c7ce5b0"}
[2016-11-15 10:32:15] slim-app.INFO: Showing '/' home page [] {"uid":"786bdf4"}
[2016-11-15 10:32:16] slim-app.INFO: Showing '/' home page [] {"uid":"f5f4a08"}
[2016-11-15 10:32:16] slim-app.INFO: Showing '/' home page [] {"uid":"cf51149"}
[2016-11-15 10:32:58] slim-app.INFO: Showing '/' home page [] {"uid":"a63e207"}
[2016-11-15 10:32:58] slim-app.INFO: Showing '/' home page [] {"uid":"79da60d"}
[2016-11-15 10:33:21] slim-app.INFO: Showing '/' home page [] {"uid":"67aef0d"}
[2016-11-15 10:33:21] slim-app.INFO: Showing '/' home page [] {"uid":"ff5ad8d"}
[2016-11-15 10:33:22] slim-app.INFO: Showing '/' home page [] {"uid":"373d95d"}
[2016-11-15 10:33:22] slim-app.INFO: Showing '/' home page [] {"uid":"fceb554"}
[2016-11-15 10:33:22] slim-app.INFO: Showing '/' home page [] {"uid":"ca1b1e3"}
[2016-11-15 10:33:22] slim-app.INFO: Showing '/' home page [] {"uid":"e43e320"}
[2016-11-15 10:36:51] slim-app.INFO: Showing '/' home page [] {"uid":"f8daf88"}
[2016-11-15 10:36:51] slim-app.INFO: Showing '/' home page [] {"uid":"9849c43"}
[2016-11-15 10:36:53] slim-app.INFO: Showing '/' home page [] {"uid":"961fa7a"}
[2016-11-15 10:36:53] slim-app.INFO: Showing '/' home page [] {"uid":"273b1e2"}
[2016-11-15 10:39:16] slim-app.INFO: Showing '/' home page [] {"uid":"69fdaf4"}
[2016-11-15 10:39:16] slim-app.INFO: Showing '/' home page [] {"uid":"fc80cb9"}
[2016-11-15 10:40:54] slim-app.INFO: Showing '/' home page [] {"uid":"9913e52"}
[2016-11-15 10:40:54] slim-app.INFO: Showing '/' home page [] {"uid":"862e737"}
[2016-11-15 10:40:54] slim-app.INFO: Showing '/' home page [] {"uid":"f2e0e33"}
[2016-11-15 10:40:54] slim-app.INFO: Showing '/' home page [] {"uid":"6aadee7"}
[2016-11-15 10:41:46] slim-app.INFO: Showing '/' home page [] {"uid":"8cc70e9"}
[2016-11-15 10:41:46] slim-app.INFO: Showing '/' home page [] {"uid":"9572886"}
[2016-11-15 10:41:46] slim-app.INFO: Showing '/' home page [] {"uid":"e783b0c"}
[2016-11-15 10:41:46] slim-app.INFO: Showing '/' home page [] {"uid":"95df8f6"}
[2016-11-15 10:42:20] slim-app.INFO: Showing '/' home page [] {"uid":"97e6e6d"}
[2016-11-15 10:42:20] slim-app.INFO: Showing '/' home page [] {"uid":"1915c59"}
[2016-11-15 10:42:20] slim-app.INFO: Showing '/' home page [] {"uid":"f448963"}
[2016-11-15 10:42:21] slim-app.INFO: Showing '/' home page [] {"uid":"2d39a2b"}
[2016-11-15 10:47:16] slim-app.INFO: Showing '/' home page [] {"uid":"50f0e67"}
[2016-11-15 10:47:16] slim-app.INFO: Showing '/' home page [] {"uid":"59e1ca0"}
[2016-11-15 10:47:20] slim-app.INFO: Showing '/sign-up' page [] {"uid":"fd01389"}
[2016-11-15 10:47:20] slim-app.INFO: Showing '/' home page [] {"uid":"fcd623c"}
[2016-11-15 10:47:22] slim-app.INFO: Showing '/' home page [] {"uid":"3bb2e06"}
[2016-11-15 10:47:22] slim-app.INFO: Showing '/' home page [] {"uid":"522624e"}
[2016-11-15 10:47:25] slim-app.INFO: Showing '/sign-up' page [] {"uid":"f038036"}
[2016-11-15 10:47:26] slim-app.INFO: Showing '/' home page [] {"uid":"eba1783"}
[2016-11-15 10:47:26] slim-app.INFO: Showing '/' home page [] {"uid":"9c67a13"}
[2016-11-15 10:47:27] slim-app.INFO: Showing '/' home page [] {"uid":"62d6ca1"}
[2016-11-15 10:47:27] slim-app.INFO: Showing '/' home page [] {"uid":"c959c6d"}
[2016-11-15 10:47:29] slim-app.INFO: Showing '/sign-up' page [] {"uid":"4d57191"}
[2016-11-15 10:47:29] slim-app.INFO: Showing '/' home page [] {"uid":"42a0b31"}
[2016-11-15 10:47:30] slim-app.INFO: Showing '/' home page [] {"uid":"5f94765"}
[2016-11-15 10:47:30] slim-app.INFO: Showing '/' home page [] {"uid":"e5cabf3"}
[2016-11-15 10:47:41] slim-app.INFO: Showing '/sign-up' page [] {"uid":"f846afa"}
[2016-11-15 10:47:41] slim-app.INFO: Showing '/' home page [] {"uid":"3876f0e"}
[2016-11-15 10:47:42] slim-app.INFO: Showing '/' home page [] {"uid":"6b41a7d"}
[2016-11-15 10:47:43] slim-app.INFO: Showing '/' home page [] {"uid":"4600e47"}
[2016-11-15 10:48:15] slim-app.INFO: Showing '/sign-up' page [] {"uid":"9119486"}
[2016-11-15 10:48:15] slim-app.INFO: Showing '/' home page [] {"uid":"4e253ad"}
[2016-11-18 09:02:35] slim-app.INFO: Showing '/' home page [] {"uid":"ab85c51"}
[2016-11-18 09:02:36] slim-app.INFO: Showing '/' home page [] {"uid":"db3efd0"}
[2016-11-18 09:02:38] slim-app.INFO: Showing '/sign-up' page [] {"uid":"42bb643"}
[2016-11-18 09:02:38] slim-app.INFO: Showing '/' home page [] {"uid":"26485dc"}
[2016-11-18 09:03:17] slim-app.INFO: Showing '/' POST processing sign-up form [] {"uid":"3d42b1e"}
[2016-11-18 09:03:17] slim-app.INFO: Showing '/' home page [] {"uid":"d994c44"}
[2016-11-18 09:03:20] slim-app.INFO: Showing '/sign-up' page [] {"uid":"470f5ba"}
[2016-11-18 09:03:20] slim-app.INFO: Showing '/' home page [] {"uid":"15fed0e"}
[2016-11-18 09:10:00] slim-app.INFO: Showing '/sign-up' page [] {"uid":"60be214"}
[2016-11-18 09:10:01] slim-app.INFO: Showing '/' home page [] {"uid":"9edfa93"}
[2016-11-18 09:10:03] slim-app.INFO: Showing '/' home page [] {"uid":"84ab8ad"}
[2016-11-18 09:10:04] slim-app.INFO: Showing '/' home page [] {"uid":"36c4b51"}
[2016-11-18 09:10:05] slim-app.INFO: Showing '/' home page [] {"uid":"0ac1164"}
[2016-11-18 09:10:06] slim-app.INFO: Showing '/' POST processing sign-up form [] {"uid":"0616d98"}
[2016-11-18 09:10:06] slim-app.INFO: Showing '/' home page [] {"uid":"68abe36"}
[2016-11-18 09:10:07] slim-app.INFO: Showing '/sign-up' page [] {"uid":"a4725f2"}
[2016-11-18 09:10:08] slim-app.INFO: Showing '/' home page [] {"uid":"3c483c8"}
[2016-11-18 09:10:55] slim-app.INFO: Showing '/' POST processing sign-up form [] {"uid":"a9c4dc2"}
[2016-11-18 09:10:55] slim-app.INFO: Showing '/' home page [] {"uid":"08ed019"}
[2016-11-18 09:10:58] slim-app.INFO: Showing '/sign-up' page [] {"uid":"5119113"}
[2016-11-18 09:10:59] slim-app.INFO: Showing '/' home page [] {"uid":"819e05c"}
[2016-11-18 09:48:00] slim-app.INFO: Showing '/sign-up' page [] {"uid":"c360148"}
[2016-11-18 09:48:01] slim-app.INFO: Showing '/' home page [] {"uid":"ade6d71"}
[2016-11-18 09:48:05] slim-app.INFO: Showing '/' POST processing sign-up form [] {"uid":"7ed867b"}
[2016-11-18 09:48:06] slim-app.INFO: Showing '/' home page [] {"uid":"b1afd56"}
[2016-11-18 09:54:17] slim-app.INFO: Showing '/' POST processing sign-up form [] {"uid":"1959fbc"}
[2016-11-18 09:54:17] slim-app.INFO: Showing '/' home page [] {"uid":"3d823b9"}
[2016-11-18 09:54:24] slim-app.INFO: Showing '/sign-up' page [] {"uid":"c3b31c8"}
[2016-11-18 09:54:24] slim-app.INFO: Showing '/' home page [] {"uid":"ed37059"}
[2016-11-18 09:54:26] slim-app.INFO: Showing '/' POST processing sign-up form [] {"uid":"a9b4244"}
[2016-11-18 09:54:26] slim-app.INFO: Showing '/' home page [] {"uid":"faae28b"}
[2016-11-18 09:56:18] slim-app.INFO: Showing '/' POST processing sign-up form [] {"uid":"4c11f58"}
[2016-11-18 09:56:18] slim-app.INFO: Showing '/' home page [] {"uid":"83bcc51"}
[2016-11-18 10:00:08] slim-app.INFO: Showing '/' POST processing sign-up form [] {"uid":"6ce2d5d"}
[2016-11-18 10:00:08] slim-app.INFO: Showing '/' home page [] {"uid":"d917f3a"}
[2016-11-18 10:00:31] slim-app.INFO: Showing '/' POST processing sign-up form [] {"uid":"f4482ab"}
[2016-11-18 10:00:31] slim-app.INFO: Showing '/' home page [] {"uid":"5d7aab6"}
[2016-11-18 10:01:03] slim-app.INFO: Showing '/' POST processing sign-up form [] {"uid":"175f7bc"}
[2016-11-18 10:01:03] slim-app.INFO: Showing '/' home page [] {"uid":"7f09556"}
[2016-11-18 10:01:26] slim-app.INFO: Showing '/' POST processing sign-up form [] {"uid":"f56bb80"}
[2016-11-18 10:01:26] slim-app.INFO: Showing '/' home page [] {"uid":"003eeb5"}
[2016-11-18 10:02:13] slim-app.INFO: Showing '/' POST processing sign-up form [] {"uid":"12bff9b"}
[2016-11-18 10:02:13] slim-app.INFO: Showing '/' home page [] {"uid":"1aae736"}
[2016-11-18 10:03:48] slim-app.INFO: Showing '/' POST processing sign-up form [] {"uid":"9de6a9c"}
[2016-11-18 10:03:49] slim-app.INFO: Showing '/' home page [] {"uid":"7fd0af7"}
[2016-11-18 10:04:38] slim-app.INFO: Showing '/' POST processing sign-up form [] {"uid":"9b4ae53"}
[2016-11-18 10:04:38] slim-app.INFO: Showing '/' home page [] {"uid":"7b3427a"}
[2016-11-18 10:04:59] slim-app.INFO: Showing '/' POST processing sign-up form [] {"uid":"e06985a"}
[2016-11-18 10:04:59] slim-app.INFO: Showing '/' home page [] {"uid":"a19b2af"}
[2016-11-18 10:11:26] slim-app.INFO: Showing '/' home page [] {"uid":"21a3ca4"}
[2016-11-18 10:11:27] slim-app.INFO: Showing '/' home page [] {"uid":"546bc2a"}
[2016-11-18 10:11:28] slim-app.INFO: Showing '/sign-up' page [] {"uid":"ee40073"}
[2016-11-18 10:11:29] slim-app.INFO: Showing '/' home page [] {"uid":"2d1f734"}
[2016-11-18 10:14:19] slim-app.INFO: Showing '/sign-up' page [] {"uid":"237df96"}
[2016-11-18 10:14:20] slim-app.INFO: Showing '/' home page [] {"uid":"daad6b9"}
[2016-11-18 10:14:24] slim-app.INFO: Showing '/' POST processing sign-up form [] {"uid":"aeb398f"}
[2016-11-18 10:14:25] slim-app.INFO: Showing '/' home page [] {"uid":"27ebbff"}
[2016-11-18 10:14:28] slim-app.INFO: Showing '/' POST processing sign-up form [] {"uid":"a768dad"}
[2016-11-18 10:14:28] slim-app.INFO: Showing '/' home page [] {"uid":"fc79ef4"}
[2016-11-18 10:14:29] slim-app.INFO: Showing '/' POST processing sign-up form [] {"uid":"ee4230e"}
[2016-11-18 10:14:29] slim-app.INFO: Showing '/' POST processing sign-up form [] {"uid":"b9cd27f"}
[2016-11-18 10:14:30] slim-app.INFO: Showing '/' home page [] {"uid":"624cc4b"}
[2016-11-18 10:15:03] slim-app.INFO: Showing '/' POST processing sign-up form [] {"uid":"de95582"}
[2016-11-18 10:15:03] slim-app.INFO: Showing '/' home page [] {"uid":"86944da"}
[2016-11-18 10:15:10] slim-app.INFO: Showing '/' POST processing sign-up form [] {"uid":"45cd68c"}
[2016-11-18 10:15:11] slim-app.INFO: Showing '/' home page [] {"uid":"4dad3e2"}
[2016-11-18 10:15:32] slim-app.INFO: Showing '/' POST processing sign-up form [] {"uid":"d8c7e38"}
[2016-11-18 10:15:32] slim-app.INFO: Showing '/' home page [] {"uid":"d976d5d"}
[2016-11-18 10:15:52] slim-app.INFO: Showing '/' POST processing sign-up form [] {"uid":"5947e79"}
[2016-11-18 10:15:53] slim-app.INFO: Showing '/' home page [] {"uid":"0972976"}
[2016-11-18 10:18:41] slim-app.INFO: Showing '/' POST processing sign-up form [] {"uid":"54b654c"}
[2016-11-18 10:18:42] slim-app.INFO: Showing '/' home page [] {"uid":"26a0df7"}
[2016-11-18 10:18:42] slim-app.INFO: Showing '/' home page [] {"uid":"1dcad87"}
[2016-11-18 10:18:53] slim-app.INFO: Showing '/sign-up' page [] {"uid":"f6891b5"}
[2016-11-18 10:18:54] slim-app.INFO: Showing '/' home page [] {"uid":"8f36de2"}
[2016-11-18 11:12:46] slim-app.INFO: Showing '/sign-up' page [] {"uid":"a4cf797"}
[2016-11-18 11:12:47] slim-app.INFO: Showing '/' home page [] {"uid":"3f337c0"}
[2016-11-18 11:12:50] slim-app.INFO: Showing '/' POST processing sign-up form [] {"uid":"65e37c0"}
[2016-11-18 11:12:51] slim-app.INFO: Showing '/' home page [] {"uid":"4cf0359"}
[2016-11-18 11:13:42] slim-app.INFO: Showing '/' POST processing sign-up form [] {"uid":"0fec4b6"}
[2016-11-18 11:13:43] slim-app.INFO: Showing '/' home page [] {"uid":"ad705cd"}
[2016-11-18 11:14:28] slim-app.INFO: Showing '/' POST processing sign-up form [] {"uid":"cb76e8f"}
[2016-11-18 11:14:29] slim-app.INFO: Showing '/' home page [] {"uid":"c174060"}
[2016-11-18 11:14:31] slim-app.INFO: Showing '/' POST processing sign-up form [] {"uid":"b29b946"}
[2016-11-18 11:14:31] slim-app.INFO: Showing '/' home page [] {"uid":"8afed1a"}
[2016-11-18 11:14:49] slim-app.INFO: Showing '/' POST processing sign-up form [] {"uid":"5bda3b3"}
[2016-11-18 11:14:50] slim-app.INFO: Showing '/' home page [] {"uid":"620615d"}
[2016-11-18 11:15:15] slim-app.INFO: Showing '/' POST processing sign-up form [] {"uid":"1638977"}
[2016-11-18 11:15:16] slim-app.INFO: Showing '/' home page [] {"uid":"d9cafe7"}
[2016-11-18 11:15:45] slim-app.INFO: Showing '/' POST processing sign-up form [] {"uid":"a0d8ccc"}
[2016-11-18 11:15:46] slim-app.INFO: Showing '/' home page [] {"uid":"4c16f38"}
[2016-11-18 11:16:00] slim-app.INFO: Showing '/' POST processing sign-up form [] {"uid":"478a769"}
[2016-11-18 11:16:00] slim-app.INFO: Showing '/' home page [] {"uid":"f77c9f1"}
[2016-11-18 11:16:17] slim-app.INFO: Showing '/' POST processing sign-up form [] {"uid":"a3e09b6"}
[2016-11-18 11:16:17] slim-app.INFO: Showing '/' home page [] {"uid":"de70713"}
[2016-11-18 11:16:18] slim-app.INFO: Showing '/' home page [] {"uid":"1c176ed"}
[2016-11-18 11:16:30] slim-app.INFO: Showing '/sign-up' page [] {"uid":"5d936ac"}
[2016-11-18 11:16:30] slim-app.INFO: Showing '/' home page [] {"uid":"5229dcb"}
[2016-11-18 11:16:36] slim-app.INFO: Showing '/' POST processing sign-up form [] {"uid":"0583ab4"}
[2016-11-18 11:16:36] slim-app.INFO: Showing '/' home page [] {"uid":"f10b0c8"}
[2016-11-18 11:16:38] slim-app.INFO: Showing '/' POST processing sign-up form [] {"uid":"16e0463"}
[2016-11-18 11:16:39] slim-app.INFO: Showing '/' home page [] {"uid":"3126ae8"}
[2016-11-18 11:16:42] slim-app.INFO: Showing '/' POST processing sign-up form [] {"uid":"6fe72d5"}
[2016-11-18 11:16:43] slim-app.INFO: Showing '/' home page [] {"uid":"e43134c"}
[2016-11-18 11:16:44] slim-app.INFO: Showing '/' POST processing sign-up form [] {"uid":"4d3295d"}
[2016-11-18 11:16:45] slim-app.INFO: Showing '/' home page [] {"uid":"d09274f"}
[2016-11-18 11:17:14] slim-app.INFO: Showing '/' POST processing sign-up form [] {"uid":"ff287b4"}
[2016-11-18 11:17:15] slim-app.INFO: Showing '/' home page [] {"uid":"4ef6c9b"}
[2016-11-18 11:17:24] slim-app.INFO: Showing '/' POST processing sign-up form [] {"uid":"39226e3"}
[2016-11-18 11:17:24] slim-app.INFO: Showing '/' home page [] {"uid":"5577eba"}
[2016-11-18 11:17:25] slim-app.INFO: Showing '/' home page [] {"uid":"8f7a022"}
[2016-11-18 11:17:26] slim-app.INFO: Showing '/sign-up' page [] {"uid":"cc88f2c"}
[2016-11-18 11:17:27] slim-app.INFO: Showing '/' home page [] {"uid":"b8ec84c"}
[2016-11-18 11:18:38] slim-app.INFO: Showing '/' POST processing sign-up form [] {"uid":"cd525be"}
[2016-11-18 11:18:39] slim-app.INFO: Showing '/' home page [] {"uid":"da3bd0a"}
[2016-11-18 11:18:39] slim-app.INFO: Showing '/' home page [] {"uid":"f32faa6"}
[2016-11-18 11:18:40] slim-app.INFO: Showing '/sign-up' page [] {"uid":"6d063ef"}
[2016-11-18 11:18:41] slim-app.INFO: Showing '/' home page [] {"uid":"e51adbb"}
[2016-11-18 11:19:28] slim-app.INFO: Showing '/' POST processing sign-up form [] {"uid":"2c179fa"}
[2016-11-18 11:19:29] slim-app.INFO: Showing '/' home page [] {"uid":"57f742d"}
[2016-11-18 11:19:30] slim-app.INFO: Showing '/' home page [] {"uid":"8d81d0f"}
[2016-11-18 11:19:32] slim-app.INFO: Showing '/sign-up' page [] {"uid":"a198d8f"}
[2016-11-18 11:19:33] slim-app.INFO: Showing '/' home page [] {"uid":"d88fe6f"}
[2016-11-18 11:19:41] slim-app.INFO: Showing '/' POST processing sign-up form [] {"uid":"1140305"}
[2016-11-18 11:19:42] slim-app.INFO: Showing '/' home page [] {"uid":"75deb18"}
[2016-11-18 11:29:19] slim-app.INFO: Showing '/' POST processing sign-up form [] {"uid":"4992b48"}
[2016-11-18 11:29:19] slim-app.DEBUG: Error when savind user: [] {"uid":"4992b48"}
[2016-11-18 11:29:19] slim-app.INFO: Showing '/' home page [] {"uid":"da7a26a"}
[2016-11-18 11:29:33] slim-app.INFO: Showing '/' POST processing sign-up form [] {"uid":"cd2c204"}
[2016-11-18 11:29:33] slim-app.DEBUG: Error when savind user: [] {"uid":"cd2c204"}
[2016-11-18 11:29:33] slim-app.DEBUG: -->Passwords do not match [] {"uid":"cd2c204"}
[2016-11-18 11:29:34] slim-app.INFO: Showing '/' home page [] {"uid":"fbd98f7"}
[2016-11-18 11:29:35] slim-app.INFO: Showing '/' POST processing sign-up form [] {"uid":"96f5f43"}
[2016-11-18 11:29:35] slim-app.DEBUG: Error when savind user: [] {"uid":"96f5f43"}
[2016-11-18 11:29:35] slim-app.DEBUG: -->Passwords do not match [] {"uid":"96f5f43"}
[2016-11-18 11:29:36] slim-app.INFO: Showing '/' home page [] {"uid":"c89a5f0"}
[2016-11-18 11:29:37] slim-app.INFO: Showing '/' POST processing sign-up form [] {"uid":"39ef192"}
[2016-11-18 11:29:37] slim-app.DEBUG: Error when savind user: [] {"uid":"39ef192"}
[2016-11-18 11:29:37] slim-app.DEBUG: -->Passwords do not match [] {"uid":"39ef192"}
[2016-11-18 11:29:37] slim-app.INFO: Showing '/' home page [] {"uid":"b07c1ed"}
[2016-11-18 11:29:45] slim-app.INFO: Showing '/' POST processing sign-up form [] {"uid":"cc5f74f"}
[2016-11-18 11:29:45] slim-app.INFO: Showing '/' home page [] {"uid":"fb6dc19"}
[2016-11-18 11:29:46] slim-app.INFO: Showing '/' home page [] {"uid":"f457a6a"}
[2016-11-18 11:31:35] slim-app.INFO: Showing '/sign-up' page [] {"uid":"5938f38"}
[2016-11-18 11:31:35] slim-app.INFO: Showing '/' home page [] {"uid":"a01854e"}
[2016-11-18 11:50:06] slim-app.INFO: Showing '/' POST processing sign-up form [] {"uid":"f7a54d4"}
[2016-11-18 11:50:07] slim-app.INFO: Showing '/' home page [] {"uid":"517221c"}
[2016-11-18 11:50:29] slim-app.INFO: Showing '/' POST processing sign-up form [] {"uid":"75f5c8f"}
[2016-11-18 11:50:29] slim-app.INFO: Showing '/' home page [] {"uid":"c395f59"}
[2016-11-18 11:59:52] slim-app.INFO: Showing '/' POST processing sign-up form [] {"uid":"7b42cd9"}
[2016-11-18 11:59:52] slim-app.INFO: Showing '/' home page [] {"uid":"10836b8"}
[2016-11-18 11:59:55] slim-app.INFO: Showing '/sign-up' page [] {"uid":"0ac81d8"}
[2016-11-18 11:59:55] slim-app.INFO: Showing '/' home page [] {"uid":"f644af4"}
[2016-11-18 12:00:02] slim-app.INFO: Showing '/' POST processing sign-up form [] {"uid":"81bdb9b"}
[2016-11-18 12:00:02] slim-app.INFO: Showing '/' home page [] {"uid":"b14bf3e"}
[2016-11-18 12:22:57] slim-app.INFO: Showing '/' POST processing sign-up form [] {"uid":"d61c245"}
[2016-11-18 12:22:57] slim-app.INFO: Showing '/' home page [] {"uid":"396c5a3"}
[2016-11-18 12:23:16] slim-app.INFO: Showing '/' POST processing sign-up form [] {"uid":"d300de3"}
[2016-11-18 12:23:17] slim-app.INFO: Showing '/' home page [] {"uid":"1c4f710"}
[2016-11-18 12:23:33] slim-app.INFO: Showing '/' POST processing sign-up form [] {"uid":"50107db"}
[2016-11-18 12:23:34] slim-app.INFO: Showing '/' home page [] {"uid":"530237c"}
[2016-11-18 12:25:43] slim-app.INFO: Showing '/' POST processing sign-up form [] {"uid":"72525ad"}
[2016-11-18 12:25:43] slim-app.INFO: Showing '/' home page [] {"uid":"0bec5c3"}
[2016-11-18 12:25:59] slim-app.INFO: Showing '/' POST processing sign-up form [] {"uid":"fc6d41f"}
[2016-11-18 12:26:00] slim-app.INFO: Showing '/' home page [] {"uid":"5cecf59"}
[2016-11-18 12:26:56] slim-app.INFO: Showing '/' POST processing sign-up form [] {"uid":"3d0eb4c"}
[2016-11-18 12:26:56] slim-app.INFO: Showing '/' home page [] {"uid":"599cbe1"}
[2016-11-18 12:27:07] slim-app.INFO: Showing '/' POST processing sign-up form [] {"uid":"390e7ce"}
[2016-11-18 12:27:08] slim-app.INFO: Showing '/' home page [] {"uid":"c9c7a0c"}
[2016-11-18 12:30:03] slim-app.INFO: Showing '/' POST processing sign-up form [] {"uid":"d5baf74"}
[2016-11-18 12:30:03] slim-app.INFO: Showing '/' home page [] {"uid":"3e7a80d"}
[2016-11-18 12:30:38] slim-app.INFO: Showing '/' POST processing sign-up form [] {"uid":"b537b11"}
[2016-11-18 12:30:39] slim-app.INFO: Showing '/' home page [] {"uid":"64ac6bb"}
[2016-11-18 13:00:10] slim-app.INFO: Showing '/' home page [] {"uid":"3b30785"}
[2016-11-18 13:00:10] slim-app.INFO: Showing '/' home page [] {"uid":"763c1ed"}
[2016-11-18 13:00:15] slim-app.INFO: Showing '/sign-up' page [] {"uid":"c2d32c2"}
[2016-11-18 13:00:16] slim-app.INFO: Showing '/' home page [] {"uid":"33ab99b"}
[2016-11-18 13:00:28] slim-app.INFO: Showing '/' POST processing sign-up form [] {"uid":"cc4f375"}
[2016-11-18 13:00:28] slim-app.INFO: Showing '/' home page [] {"uid":"1437622"}
[2016-11-18 13:01:13] slim-app.INFO: Showing '/' POST processing sign-up form [] {"uid":"4c80ca4"}
[2016-11-18 13:01:14] slim-app.INFO: Showing '/' home page [] {"uid":"ad6f102"}
[2016-11-18 13:01:43] slim-app.INFO: Showing '/' POST processing sign-up form [] {"uid":"17b19d0"}
[2016-11-18 13:01:43] slim-app.INFO: Showing '/' home page [] {"uid":"9e3f887"}
[2016-11-18 13:01:44] slim-app.INFO: Showing '/' home page [] {"uid":"dc714f0"}
[2016-11-18 13:01:44] slim-app.INFO: Showing '/sign-up' page [] {"uid":"ea19c70"}
[2016-11-18 13:01:45] slim-app.INFO: Showing '/' home page [] {"uid":"4326542"}
[2016-11-22 09:00:49] slim-app.INFO: Showing '/' home page [] {"uid":"0cf6cb9"}
[2016-11-22 09:00:50] slim-app.INFO: Showing '/' home page [] {"uid":"fe376c9"}
[2016-11-22 09:00:51] slim-app.INFO: Showing '/sign-up' page [] {"uid":"c0aacd8"}
[2016-11-22 09:00:52] slim-app.INFO: Showing '/' home page [] {"uid":"5e3b949"}
[2016-11-22 09:01:03] slim-app.INFO: Showing '/' home page [] {"uid":"4ae4942"}
[2016-11-22 09:01:04] slim-app.INFO: Showing '/' home page [] {"uid":"9de38e5"}
[2016-11-22 09:14:26] slim-app.INFO: Showing '/' home page [] {"uid":"f1479b3"}
[2016-11-22 09:14:51] slim-app.INFO: Showing '/sign-up' page [] {"uid":"9f60991"}
[2016-11-22 09:14:51] slim-app.INFO: Showing '/' home page [] {"uid":"e5af3f2"}
[2016-11-22 09:14:53] slim-app.INFO: Showing '/' home page [] {"uid":"67fa1c6"}
[2016-11-22 09:14:55] slim-app.INFO: Showing '/sign-up' page [] {"uid":"57bdbe0"}
[2016-11-22 09:14:55] slim-app.INFO: Showing '/' home page [] {"uid":"4cb34be"}
[2016-11-22 09:15:01] slim-app.INFO: Showing '/' home page [] {"uid":"fe55d9a"}
[2016-11-22 09:15:02] slim-app.INFO: Showing '/' home page [] {"uid":"e19d54a"}
[2016-11-22 09:15:03] slim-app.INFO: Showing '/sign-up' page [] {"uid":"ddaaedf"}
[2016-11-22 09:15:03] slim-app.INFO: Showing '/' home page [] {"uid":"15ca900"}
[2016-11-22 09:15:04] slim-app.INFO: Showing '/sign-up' page [] {"uid":"da5260e"}
[2016-11-22 09:15:04] slim-app.INFO: Showing '/' home page [] {"uid":"01e3a9c"}
[2016-11-22 09:15:05] slim-app.INFO: Showing '/sign-up' page [] {"uid":"c13724d"}
[2016-11-22 09:15:06] slim-app.INFO: Showing '/' home page [] {"uid":"234af9e"}
[2016-11-22 09:15:07] slim-app.INFO: Showing '/sign-in' page [] {"uid":"31e273f"}
[2016-11-22 09:15:07] slim-app.INFO: Showing '/' home page [] {"uid":"38977d5"}
[2016-11-22 09:18:27] slim-app.INFO: Showing '/sign-in' page [] {"uid":"2b4d23b"}
[2016-11-22 09:18:27] slim-app.INFO: Showing '/' home page [] {"uid":"bef1714"}
[2016-11-22 09:18:43] slim-app.INFO: Showing '/sign-in' page [] {"uid":"74eb4f6"}
[2016-11-22 09:18:44] slim-app.INFO: Showing '/' home page [] {"uid":"a687ea3"}
[2016-11-22 09:19:17] slim-app.INFO: Showing '/' home page [] {"uid":"6da94e3"}
[2016-11-22 09:19:20] slim-app.INFO: Showing '/sign-in' page [] {"uid":"4cc504a"}
[2016-11-22 09:19:21] slim-app.INFO: Showing '/' home page [] {"uid":"2ffca30"}
[2016-11-22 09:19:29] slim-app.INFO: Showing '/sign-up' page [] {"uid":"0e58258"}
[2016-11-22 09:19:29] slim-app.INFO: Showing '/' home page [] {"uid":"0a39786"}
[2016-11-22 09:19:30] slim-app.INFO: Showing '/sign-in' page [] {"uid":"154c39f"}
[2016-11-22 09:19:31] slim-app.INFO: Showing '/' home page [] {"uid":"f1bdd88"}
[2016-11-22 09:20:21] slim-app.INFO: Showing '/sign-in' page [] {"uid":"ef046f7"}
[2016-11-22 09:20:22] slim-app.INFO: Showing '/' home page [] {"uid":"88e489a"}
[2016-11-22 09:20:42] slim-app.INFO: Showing '/sign-in' page [] {"uid":"b4383ee"}
[2016-11-22 09:20:43] slim-app.INFO: Showing '/' home page [] {"uid":"3ae6bc5"}
[2016-11-22 09:21:33] slim-app.INFO: Showing '/sign-up' page [] {"uid":"d1706b0"}
[2016-11-22 09:21:34] slim-app.INFO: Showing '/' home page [] {"uid":"5825056"}
[2016-11-22 09:26:50] slim-app.INFO: Showing '/sign-in' page [] {"uid":"e5c567c"}
[2016-11-22 09:26:50] slim-app.INFO: Showing '/' home page [] {"uid":"4af8e9f"}
[2016-11-22 09:32:03] slim-app.INFO: Showing '/' POST processing sign-in form [] {"uid":"4b93d10"}
[2016-11-22 09:32:03] slim-app.INFO: Showing '/' home page [] {"uid":"4d0174c"}
[2016-11-22 09:33:29] slim-app.INFO: Showing '/sign-in' page [] {"uid":"7b07195"}
[2016-11-22 09:33:30] slim-app.INFO: Showing '/' home page [] {"uid":"23e082e"}
[2016-11-22 09:33:31] slim-app.INFO: Showing '/sign-up' page [] {"uid":"43650f6"}
[2016-11-22 09:33:32] slim-app.INFO: Showing '/' home page [] {"uid":"edbce02"}
[2016-11-22 09:33:50] slim-app.INFO: Showing '/' POST processing sign-up form [] {"uid":"6331345"}
[2016-11-22 09:33:50] slim-app.INFO: Showing '/' home page [] {"uid":"f4e7eba"}
[2016-11-22 09:33:51] slim-app.INFO: Showing '/' home page [] {"uid":"fd8ebb2"}
[2016-11-22 09:34:04] slim-app.INFO: Showing '/sign-in' page [] {"uid":"f6c4aaa"}
[2016-11-22 09:34:05] slim-app.INFO: Showing '/' home page [] {"uid":"17d9d04"}
[2016-11-22 09:34:43] slim-app.INFO: Showing '/' POST processing sign-in form [] {"uid":"8d38c1b"}
[2016-11-22 09:34:43] slim-app.INFO: Showing '/' home page [] {"uid":"ddbc5ec"}
[2016-11-22 09:35:38] slim-app.INFO: Showing '/' POST processing sign-in form [] {"uid":"0aaebe1"}
[2016-11-22 09:35:38] slim-app.INFO: Showing '/' home page [] {"uid":"5f72a52"}
[2016-11-22 09:35:39] slim-app.INFO: Showing '/' home page [] {"uid":"3127854"}
[2016-11-22 09:37:09] slim-app.INFO: Showing '/sign-in' page [] {"uid":"8ca292c"}
[2016-11-22 09:37:09] slim-app.INFO: Showing '/' home page [] {"uid":"d13f343"}
[2016-11-22 09:37:14] slim-app.INFO: Showing '/' POST processing sign-in form [] {"uid":"2efe05b"}
[2016-11-22 09:37:14] slim-app.DEBUG:  [] {"uid":"2efe05b"}
[2016-11-22 09:37:14] slim-app.INFO: Showing '/' home page [] {"uid":"4b80063"}
[2016-11-22 09:37:15] slim-app.INFO: Showing '/' home page [] {"uid":"2c7ba0b"}
[2016-11-22 09:39:05] slim-app.INFO: Showing '/sign-in' page [] {"uid":"8e734d2"}
[2016-11-22 09:39:05] slim-app.INFO: Showing '/' home page [] {"uid":"88272f0"}
[2016-11-22 09:39:08] slim-app.INFO: Showing '/' POST processing sign-in form [] {"uid":"4c26107"}
[2016-11-22 09:39:09] slim-app.INFO: Showing '/' home page [] {"uid":"5d8d784"}
[2016-11-22 09:39:25] slim-app.INFO: Showing '/' POST processing sign-in form [] {"uid":"60f8495"}
[2016-11-22 09:39:25] slim-app.INFO: Showing '/' home page [] {"uid":"87c259a"}
[2016-11-22 09:39:56] slim-app.INFO: Showing '/' POST processing sign-in form [] {"uid":"3e2b9ba"}
[2016-11-22 09:39:56] slim-app.DEBUG: The password foris [] {"uid":"3e2b9ba"}
[2016-11-22 09:39:56] slim-app.INFO: Showing '/' home page [] {"uid":"6655b47"}
[2016-11-22 09:39:57] slim-app.INFO: Showing '/' home page [] {"uid":"6e4eb69"}
[2016-11-22 09:41:59] slim-app.INFO: Showing '/sign-in' page [] {"uid":"3749095"}
[2016-11-22 09:41:59] slim-app.INFO: Showing '/' home page [] {"uid":"715c113"}
[2016-11-22 09:42:10] slim-app.INFO: Showing '/' POST processing sign-in form [] {"uid":"33404b9"}
[2016-11-22 09:42:10] slim-app.DEBUG: The password foris [] {"uid":"33404b9"}
[2016-11-22 09:42:11] slim-app.INFO: Showing '/' home page [] {"uid":"c18deb8"}
[2016-11-22 09:42:12] slim-app.INFO: Showing '/' home page [] {"uid":"78f0f8e"}
[2016-11-22 09:42:13] slim-app.INFO: Showing '/sign-in' page [] {"uid":"2c366af"}
[2016-11-22 09:42:13] slim-app.INFO: Showing '/' home page [] {"uid":"f848e67"}
[2016-11-22 09:42:17] slim-app.INFO: Showing '/' POST processing sign-in form [] {"uid":"73215d5"}
[2016-11-22 09:42:17] slim-app.DEBUG: The password forThomas Ghysbrechtis963fab267bcbdd1e5c93f5e42f118c9a [] {"uid":"73215d5"}
[2016-11-22 09:42:17] slim-app.INFO: Showing '/' home page [] {"uid":"1d67671"}
[2016-11-22 09:42:18] slim-app.INFO: Showing '/' home page [] {"uid":"00fd67f"}
[2016-11-22 09:45:35] slim-app.INFO: Showing '/sign-in' page [] {"uid":"f1231d2"}
[2016-11-22 09:45:36] slim-app.INFO: Showing '/' home page [] {"uid":"93e45ae"}
[2016-11-22 09:45:39] slim-app.INFO: Showing '/' POST processing sign-in form [] {"uid":"0a08439"}
[2016-11-22 09:45:39] slim-app.INFO: Showing '/' home page [] {"uid":"321c14f"}
[2016-11-22 09:45:50] slim-app.INFO: Showing '/' POST processing sign-in form [] {"uid":"332b591"}
[2016-11-22 09:45:50] slim-app.DEBUG: Error when finding user: [] {"uid":"332b591"}
[2016-11-22 09:45:50] slim-app.DEBUG: --> No user found! [] {"uid":"332b591"}
[2016-11-22 09:45:51] slim-app.INFO: Showing '/' home page [] {"uid":"fa35739"}
[2016-11-22 09:46:06] slim-app.INFO: Showing '/' POST processing sign-in form [] {"uid":"a669f48"}
[2016-11-22 09:46:06] slim-app.DEBUG: The password for Thomas Ghysbrecht is 963fab267bcbdd1e5c93f5e42f118c9a [] {"uid":"a669f48"}
[2016-11-22 09:46:06] slim-app.INFO: Showing '/' home page [] {"uid":"af53a1f"}
[2016-11-22 09:46:07] slim-app.INFO: Showing '/' home page [] {"uid":"ac95a46"}
[2016-11-22 09:46:28] slim-app.INFO: Showing '/sign-in' page [] {"uid":"c605b39"}
[2016-11-22 09:46:29] slim-app.INFO: Showing '/' home page [] {"uid":"b0cebb1"}
[2016-11-22 09:48:52] slim-app.INFO: Showing '/' POST processing sign-in form [] {"uid":"fd4894f"}
[2016-11-22 09:48:52] slim-app.DEBUG: Error when finding user: [] {"uid":"fd4894f"}
[2016-11-22 09:48:52] slim-app.DEBUG: --> No user found! [] {"uid":"fd4894f"}
[2016-11-22 09:48:53] slim-app.INFO: Showing '/' home page [] {"uid":"45a4c7c"}
[2016-11-22 09:49:02] slim-app.INFO: Showing '/' POST processing sign-in form [] {"uid":"812629e"}
[2016-11-22 09:49:02] slim-app.DEBUG: Error when finding user: [] {"uid":"812629e"}
[2016-11-22 09:49:02] slim-app.DEBUG: --> Incorrect password [] {"uid":"812629e"}
[2016-11-22 09:49:03] slim-app.INFO: Showing '/' home page [] {"uid":"cb93dcd"}
[2016-11-22 09:49:31] slim-app.INFO: Showing '/' POST processing sign-in form [] {"uid":"a750b2d"}
[2016-11-22 09:49:31] slim-app.INFO: Showing '/' home page [] {"uid":"e644cf6"}
[2016-11-22 09:49:31] slim-app.INFO: Showing '/' home page [] {"uid":"70b341d"}
[2016-11-22 09:58:09] slim-app.INFO: Showing '/sign-in' page [] {"uid":"91098c5"}
[2016-11-22 09:58:10] slim-app.INFO: Showing '/' home page [] {"uid":"fe248f4"}
[2016-11-22 09:58:25] slim-app.INFO: Showing '/' POST processing sign-in form [] {"uid":"06f70fd"}
[2016-11-22 09:58:25] slim-app.INFO: Showing '/' home page [] {"uid":"17c1893"}
[2016-11-22 10:02:05] slim-app.INFO: Showing '/' POST processing sign-in form [] {"uid":"ed5166f"}
[2016-11-22 10:02:05] slim-app.INFO: Showing '/' home page [] {"uid":"1799e89"}
[2016-11-22 10:02:10] slim-app.INFO: Showing '/sign-in' page [] {"uid":"56e8aaf"}
[2016-11-22 10:02:10] slim-app.INFO: Showing '/' home page [] {"uid":"e5021bf"}
[2016-11-22 10:02:15] slim-app.INFO: Showing '/sign-up' page [] {"uid":"41d0d7d"}
[2016-11-22 10:02:16] slim-app.INFO: Showing '/' home page [] {"uid":"40448a2"}
[2016-11-22 10:02:59] slim-app.INFO: Showing '/' POST processing sign-up form [] {"uid":"967713d"}
[2016-11-22 10:02:59] slim-app.INFO: Showing '/sign-in' page [] {"uid":"4a9ee57"}
[2016-11-22 10:03:00] slim-app.INFO: Showing '/' home page [] {"uid":"a4450ba"}
[2016-11-22 10:03:35] slim-app.INFO: Showing '/' POST processing sign-in form [] {"uid":"03e3c8a"}
[2016-11-22 10:03:35] slim-app.INFO: Showing '/' home page [] {"uid":"20c013d"}
[2016-11-22 10:09:30] slim-app.INFO: Showing '/' POST processing sign-in form [] {"uid":"35878a1"}
[2016-11-22 10:09:31] slim-app.INFO: Showing '/' home page [] {"uid":"3a82127"}
[2016-11-22 10:09:50] slim-app.INFO: Showing '/' home page [] {"uid":"6330dde"}
[2016-11-22 10:09:53] slim-app.INFO: Showing '/sign-in' page [] {"uid":"60fd64a"}
[2016-11-22 10:09:54] slim-app.INFO: Showing '/' home page [] {"uid":"7ca0e4a"}
[2016-11-22 10:10:08] slim-app.INFO: Showing '/' POST processing sign-in form [] {"uid":"59605c2"}
[2016-11-22 10:10:08] slim-app.INFO: Showing '/' home page [] {"uid":"322e32b"}
[2016-11-22 10:11:06] slim-app.INFO: Showing '/sign-in' page [] {"uid":"4c57849"}
[2016-11-22 10:11:06] slim-app.INFO: Showing '/' home page [] {"uid":"6488695"}
[2016-11-22 10:14:40] slim-app.INFO: Showing '/' POST processing sign-in form [] {"uid":"70dd17d"}
[2016-11-22 10:14:40] slim-app.INFO: Showing '/' home page [] {"uid":"f71c818"}
[2016-11-22 10:16:22] slim-app.INFO: Showing '/sign-in' page [] {"uid":"e66d400"}
[2016-11-22 10:16:22] slim-app.INFO: Showing '/' home page [] {"uid":"b7871cf"}
[2016-11-22 10:16:32] slim-app.INFO: Showing '/' POST processing sign-in form [] {"uid":"a8f53c5"}
[2016-11-22 10:16:33] slim-app.INFO: Showing '/' home page [] {"uid":"4310534"}
[2016-11-22 10:18:25] slim-app.INFO: Showing '/sign-in' page [] {"uid":"8429592"}
[2016-11-22 10:18:25] slim-app.INFO: Showing '/' home page [] {"uid":"c041a4f"}
[2016-11-22 10:19:05] slim-app.INFO: Showing '/sign-in' page [] {"uid":"0925f48"}
[2016-11-22 10:19:05] slim-app.INFO: Showing '/' home page [] {"uid":"8cbe635"}
[2016-11-22 10:20:56] slim-app.INFO: Showing '/' POST processing sign-in form [] {"uid":"c137232"}
[2016-11-22 10:20:56] slim-app.INFO: Showing '/' home page [] {"uid":"a07e9ca"}
[2016-11-22 10:23:21] slim-app.INFO: Showing '/' home page [] {"uid":"7eadf80"}
[2016-11-22 10:23:22] slim-app.INFO: Showing '/' home page [] {"uid":"24132bd"}
[2016-11-22 10:23:23] slim-app.INFO: Showing '/' home page [] {"uid":"609a314"}
[2016-11-22 10:23:24] slim-app.INFO: Showing '/sign-in' page [] {"uid":"5d0c352"}
[2016-11-22 10:23:24] slim-app.INFO: Showing '/' home page [] {"uid":"007b148"}
[2016-11-22 10:25:28] slim-app.INFO: Showing '/sign-up' page [] {"uid":"8ce69c3"}
[2016-11-22 10:25:28] slim-app.INFO: Showing '/' home page [] {"uid":"12a6382"}
[2016-11-22 10:25:30] slim-app.INFO: Showing '/log-in' page [] {"uid":"047e546"}
[2016-11-22 10:25:30] slim-app.INFO: Showing '/' home page [] {"uid":"0a6bc6b"}
[2016-11-22 10:25:35] slim-app.INFO: Showing '/' POST processing sign-in form [] {"uid":"cf3929a"}
[2016-11-22 10:25:36] slim-app.INFO: Showing '/' home page [] {"uid":"7c0050c"}
[2016-11-22 10:25:40] slim-app.INFO: Showing '/log-in' page [] {"uid":"f850022"}
[2016-11-22 10:25:40] slim-app.INFO: Showing '/' home page [] {"uid":"cfebb10"}
[2016-11-22 10:27:30] slim-app.INFO: Showing '/log-in' page [] {"uid":"3f5b049"}
[2016-11-22 10:27:31] slim-app.INFO: Showing '/' home page [] {"uid":"ffb16e5"}
[2016-11-22 10:28:05] slim-app.INFO: Showing '/' POST processing sign-in form [] {"uid":"61d89d7"}
[2016-11-22 10:28:06] slim-app.INFO: Showing '/' home page [] {"uid":"2ad7d45"}
[2016-11-22 10:35:24] slim-app.INFO: Showing '/' POST processing sign-in form [] {"uid":"58a9a54"}
[2016-11-22 10:35:25] slim-app.INFO: Showing '/' home page [] {"uid":"7134262"}
[2016-11-22 10:36:29] slim-app.INFO: Showing '/log-in' page [] {"uid":"bf40478"}
[2016-11-22 10:36:29] slim-app.INFO: Showing '/' home page [] {"uid":"a77c92c"}
[2016-11-22 10:36:34] slim-app.INFO: Showing '/' POST processing sign-in form [] {"uid":"0fe479c"}
[2016-11-22 10:36:34] slim-app.INFO: Showing '/' home page [] {"uid":"91badaf"}
[2016-11-22 10:39:04] slim-app.INFO: Showing '/' home page [] {"uid":"bed81e5"}
[2016-11-22 10:39:05] slim-app.INFO: Showing '/' home page [] {"uid":"2870ff4"}
[2016-11-22 10:39:06] slim-app.INFO: Showing '/' home page [] {"uid":"3df1e70"}
[2016-11-22 10:39:07] slim-app.INFO: Showing '/sign-up' page [] {"uid":"c6baa63"}
[2016-11-22 10:39:08] slim-app.INFO: Showing '/' home page [] {"uid":"a52c3fa"}
[2016-11-22 10:39:31] slim-app.INFO: Showing '/' POST processing sign-up form [] {"uid":"957751c"}
[2016-11-22 10:39:31] slim-app.INFO: Showing '/log-in' page [] {"uid":"3bcac1b"}
[2016-11-22 10:39:32] slim-app.INFO: Showing '/' home page [] {"uid":"3d1117c"}
[2016-11-22 10:39:36] slim-app.INFO: Showing '/' POST processing sign-in form [] {"uid":"e21f862"}
[2016-11-22 10:39:37] slim-app.INFO: Showing '/' home page [] {"uid":"2c76418"}
[2016-11-22 10:43:45] slim-app.INFO: Showing '/' home page [] {"uid":"8b50965"}
[2016-11-22 10:44:33] slim-app.INFO: Showing '/' home page [] {"uid":"616c6f0"}
[2016-11-22 10:44:33] slim-app.INFO: Showing '/' home page [] {"uid":"90989dd"}
[2016-11-22 10:44:41] slim-app.INFO: Showing '/sign-up' page [] {"uid":"04fa62f"}
[2016-11-22 10:44:42] slim-app.INFO: Showing '/' home page [] {"uid":"ad692d4"}
[2016-11-22 10:44:56] slim-app.INFO: Showing '/' POST processing sign-up form [] {"uid":"1c81751"}
[2016-11-22 10:44:56] slim-app.INFO: Showing '/log-in' page [] {"uid":"cf87eda"}
[2016-11-22 10:44:57] slim-app.INFO: Showing '/' home page [] {"uid":"ffdb60d"}
[2016-11-22 10:45:03] slim-app.INFO: Showing '/' POST processing sign-in form [] {"uid":"00694b7"}
[2016-11-22 10:45:04] slim-app.INFO: Showing '/' home page [] {"uid":"f19e85e"}
[2016-11-22 12:07:08] slim-app.INFO: Showing '/' home page [] {"uid":"1bf5c87"}
[2016-11-29 08:51:32] slim-app.INFO: Showing '/' home page [] {"uid":"d5264d0"}
[2016-11-29 08:51:34] slim-app.INFO: Showing '/' home page [] {"uid":"f123254"}
[2016-11-29 09:30:16] slim-app.INFO: Showing '/' home page [] {"uid":"173a241"}
[2016-11-29 09:30:19] slim-app.INFO: Showing '/' home page [] {"uid":"68e04c0"}
[2016-11-29 09:30:20] slim-app.INFO: Showing '/sign-up' page [] {"uid":"081d878"}
[2016-11-29 09:30:21] slim-app.INFO: Showing '/' home page [] {"uid":"9b7ab67"}
[2016-11-29 09:31:07] slim-app.INFO: Showing '/' POST processing sign-up form [] {"uid":"9f4a040"}
[2016-11-29 09:31:07] slim-app.DEBUG: Error when saving user: [] {"uid":"9f4a040"}
[2016-11-29 09:31:07] slim-app.DEBUG: --> Password length invalid [] {"uid":"9f4a040"}
[2016-11-29 09:31:08] slim-app.INFO: Showing '/' home page [] {"uid":"00da412"}
[2016-11-29 09:31:57] slim-app.INFO: Showing '/' home page [] {"uid":"88dba0a"}
[2016-11-29 09:32:00] slim-app.INFO: Showing '/sign-up' page [] {"uid":"0f51401"}
[2016-11-29 09:32:00] slim-app.INFO: Showing '/' home page [] {"uid":"e383c57"}
[2016-11-29 09:32:02] slim-app.INFO: Showing '/log-in' page [] {"uid":"05deb28"}
[2016-11-29 09:32:03] slim-app.INFO: Showing '/log-in' page [] {"uid":"50f9119"}
[2016-11-29 09:32:04] slim-app.INFO: Showing '/' home page [] {"uid":"870f7c3"}
[2016-11-29 09:32:47] slim-app.INFO: Showing '/sign-up' page [] {"uid":"fd5a4d0"}
[2016-11-29 09:32:48] slim-app.INFO: Showing '/' home page [] {"uid":"86c1531"}
[2016-11-29 09:33:01] slim-app.INFO: Showing '/' POST processing sign-up form [] {"uid":"66accd9"}
[2016-11-29 09:33:02] slim-app.INFO: Showing '/log-in' page [] {"uid":"604ed03"}
[2016-11-29 09:33:02] slim-app.INFO: Showing '/' home page [] {"uid":"a32349d"}
[2016-11-29 09:39:52] slim-app.INFO: Showing '/log-in' page [] {"uid":"44442b3"}
[2016-11-29 09:39:53] slim-app.INFO: Showing '/' home page [] {"uid":"d07a835"}
[2016-11-29 09:39:57] slim-app.INFO: Showing '/' POST processing sign-in form [] {"uid":"1e545bd"}
[2016-11-29 09:39:58] slim-app.INFO: Showing '/' home page [] {"uid":"d6f1f7d"}
[2016-11-29 09:42:04] slim-app.INFO: Showing '/' home page [] {"uid":"0e23796"}
[2016-11-29 09:42:07] slim-app.INFO: Showing '/' home page [] {"uid":"ad41d14"}
[2016-11-29 09:42:07] slim-app.INFO: Showing '/' home page [] {"uid":"6c79025"}
[2016-11-29 09:42:08] slim-app.INFO: Showing '/sign-up' page [] {"uid":"951752f"}
[2016-11-29 09:42:09] slim-app.INFO: Showing '/' home page [] {"uid":"17f7701"}
[2016-11-29 09:42:51] slim-app.INFO: Showing '/' POST processing sign-up form [] {"uid":"3c65d2d"}
[2016-11-29 09:42:51] slim-app.INFO: Showing '/log-in' page [] {"uid":"59f9bda"}
[2016-11-29 09:42:52] slim-app.INFO: Showing '/' home page [] {"uid":"751ed08"}
[2016-11-29 09:43:10] slim-app.INFO: Showing '/' POST processing sign-in form [] {"uid":"1525bd0"}
[2016-11-29 09:43:12] slim-app.INFO: Showing '/' home page [] {"uid":"a24b197"}
[2016-11-29 10:19:47] slim-app.INFO: Showing '/' home page [] {"uid":"7c21840"}
[2016-11-29 10:19:49] slim-app.INFO: Showing '/' home page [] {"uid":"8328454"}
[2016-11-29 10:19:50] slim-app.INFO: Showing '/' home page [] {"uid":"d4ce483"}
[2016-11-29 10:19:50] slim-app.INFO: Showing '/sign-up' page [] {"uid":"ee34e7a"}
[2016-11-29 10:19:51] slim-app.INFO: Showing '/' home page [] {"uid":"6780e7d"}
[2016-11-29 10:19:55] slim-app.INFO: Showing '/' POST processing sign-up form [] {"uid":"76e561f"}
[2016-11-29 10:19:55] slim-app.DEBUG: Error when saving user: [] {"uid":"76e561f"}
[2016-11-29 10:19:55] slim-app.DEBUG: --> Passwords do not match [] {"uid":"76e561f"}
[2016-11-29 10:19:56] slim-app.INFO: Showing '/' home page [] {"uid":"df2d718"}
[2016-11-29 10:42:35] slim-app.INFO: Showing '/' POST processing sign-up form [] {"uid":"ab4d598"}
[2016-11-29 10:42:35] slim-app.DEBUG: Error when saving user: [] {"uid":"ab4d598"}
[2016-11-29 10:42:35] slim-app.DEBUG: --> Passwords do not match [] {"uid":"ab4d598"}
[2016-11-29 10:42:36] slim-app.INFO: Showing '/' home page [] {"uid":"b13a798"}
[2016-11-29 10:42:37] slim-app.INFO: Showing '/' POST processing sign-up form [] {"uid":"ee9be85"}
[2016-11-29 10:42:37] slim-app.DEBUG: Error when saving user: [] {"uid":"ee9be85"}
[2016-11-29 10:42:37] slim-app.DEBUG: --> Passwords do not match [] {"uid":"ee9be85"}
[2016-11-29 10:42:38] slim-app.INFO: Showing '/' home page [] {"uid":"19c7d04"}
[2016-11-29 10:42:51] slim-app.INFO: Showing '/' POST processing sign-up form [] {"uid":"44fd8a6"}
[2016-11-29 10:42:51] slim-app.INFO: Showing '/log-in' page [] {"uid":"012cf9e"}
[2016-11-29 10:42:52] slim-app.INFO: Showing '/' home page [] {"uid":"fc4960e"}
[2016-11-29 10:42:58] slim-app.INFO: Showing '/' POST processing sign-in form [] {"uid":"ef73c43"}
[2016-11-29 10:42:59] slim-app.INFO: Showing '/' home page [] {"uid":"4eca71a"}
[2016-12-02 08:53:11] slim-app.INFO: Showing '/' home page [] {"uid":"ac1691d"}
[2016-12-02 08:53:13] slim-app.INFO: Showing '/' home page [] {"uid":"f6a675d"}
[2016-12-02 08:53:55] slim-app.INFO: Showing '/log-in' page [] {"uid":"a14e040"}
[2016-12-02 08:53:55] slim-app.INFO: Showing '/' home page [] {"uid":"21899e7"}
[2016-12-02 08:54:11] slim-app.INFO: Showing '/' POST processing sign-in form [] {"uid":"a952fee"}
[2016-12-02 08:54:14] slim-app.INFO: Showing '/' home page [] {"uid":"f824c0b"}
[2016-12-02 08:54:23] slim-app.INFO: Showing '/log-in' page [] {"uid":"d1f67cb"}
[2016-12-02 08:54:23] slim-app.INFO: Showing '/' home page [] {"uid":"e4868e3"}
[2016-12-02 08:54:26] slim-app.INFO: Showing '/' POST processing sign-in form [] {"uid":"1274369"}
[2016-12-02 08:54:26] slim-app.INFO: Showing '/' home page [] {"uid":"639cb12"}
[2016-12-02 09:09:25] slim-app.INFO: Showing '/' home page [] {"uid":"8c26d90"}
[2016-12-02 09:09:30] slim-app.INFO: Showing '/log-in' page [] {"uid":"c27a1c1"}
[2016-12-02 09:09:31] slim-app.INFO: Showing '/' home page [] {"uid":"7dfd63e"}
[2016-12-02 10:03:18] slim-app.INFO: Showing '/' home page [] {"uid":"1b4b74f"}
[2016-12-02 10:03:19] slim-app.INFO: Showing '/' home page [] {"uid":"57a3c4c"}
[2016-12-02 10:03:21] slim-app.INFO: Showing '/log-in' page [] {"uid":"d73761b"}
[2016-12-02 10:03:22] slim-app.INFO: Showing '/' home page [] {"uid":"66927d8"}
[2016-12-02 10:03:30] slim-app.INFO: Showing '/' POST processing sign-in form [] {"uid":"6fae519"}
[2016-12-02 10:03:31] slim-app.INFO: Showing '/' home page [] {"uid":"c02ce25"}
[2016-12-02 10:11:24] slim-app.INFO: Showing '/log-in' page [] {"uid":"edc696c"}
[2016-12-02 10:11:25] slim-app.INFO: Showing '/' home page [] {"uid":"eac45a1"}
[2016-12-02 10:11:34] slim-app.INFO: Showing '/' home page [] {"uid":"be004e3"}
[2016-12-02 10:11:38] slim-app.INFO: Showing '/' home page [] {"uid":"e2e1c20"}
[2016-12-02 10:11:39] slim-app.INFO: Showing '/' home page [] {"uid":"6bdba49"}
[2016-12-02 10:13:26] slim-app.INFO: Showing '/log-in' page [] {"uid":"3023586"}
[2016-12-02 10:13:26] slim-app.INFO: Showing '/' home page [] {"uid":"d85c853"}
[2016-12-02 10:13:35] slim-app.INFO: Showing '/' POST processing sign-in form [] {"uid":"17918b4"}
[2016-12-02 10:13:36] slim-app.INFO: Showing '/' home page [] {"uid":"60ce994"}
[2016-12-02 10:14:42] slim-app.INFO: Showing '/log-in' page [] {"uid":"374604b"}
[2016-12-02 10:14:42] slim-app.INFO: Showing '/' home page [] {"uid":"4dd78d4"}
[2016-12-02 10:14:45] slim-app.INFO: Showing '/' POST processing sign-in form [] {"uid":"3287ae3"}
[2016-12-02 10:14:46] slim-app.INFO: Showing '/log-in' page [] {"uid":"a20828d"}
[2016-12-02 10:14:46] slim-app.INFO: Showing '/' home page [] {"uid":"3d0cb6c"}
[2016-12-02 10:15:27] slim-app.INFO: Showing '/log-in' page [] {"uid":"68c33da"}
[2016-12-02 10:15:28] slim-app.INFO: Showing '/' home page [] {"uid":"66730c5"}
[2016-12-02 10:15:37] slim-app.INFO: Showing '/' home page [] {"uid":"9186fd0"}
[2016-12-02 10:15:38] slim-app.INFO: Showing '/' home page [] {"uid":"19fc114"}
[2016-12-02 10:15:39] slim-app.INFO: Showing '/log-in' page [] {"uid":"8057b0d"}
[2016-12-02 10:15:39] slim-app.INFO: Showing '/' home page [] {"uid":"6406159"}
[2016-12-02 10:15:52] slim-app.INFO: Showing '/log-in' page [] {"uid":"3b698e8"}
[2016-12-02 10:15:52] slim-app.INFO: Showing '/' home page [] {"uid":"a836e6f"}
[2016-12-02 10:19:59] slim-app.INFO: Showing '/log-in' page [] {"uid":"fa0e77d"}
[2016-12-02 10:19:59] slim-app.INFO: Showing '/' home page [] {"uid":"551b6c3"}
[2016-12-02 10:20:03] slim-app.INFO: Showing '/log-in' page [] {"uid":"fa51674"}
[2016-12-02 10:20:04] slim-app.INFO: Showing '/' home page [] {"uid":"5a56aad"}
[2016-12-02 10:21:35] slim-app.INFO: Showing '/log-in' page [] {"uid":"df6e46d"}
[2016-12-02 10:21:35] slim-app.INFO: Showing '/' home page [] {"uid":"2afe353"}
[2016-12-02 10:21:38] slim-app.INFO: Showing '/log-in' page [] {"uid":"8b20f68"}
[2016-12-02 10:21:38] slim-app.INFO: Showing '/' home page [] {"uid":"02f18aa"}
[2016-12-02 10:22:27] slim-app.INFO: Showing '/log-in' page [] {"uid":"17dbda7"}
[2016-12-02 10:22:27] slim-app.INFO: Showing '/' home page [] {"uid":"cf12d46"}
[2016-12-02 10:25:09] slim-app.INFO: Showing '/log-in' page [] {"uid":"5598b99"}
[2016-12-02 10:25:09] slim-app.INFO: Showing '/' home page [] {"uid":"1397163"}
[2016-12-02 10:25:14] slim-app.INFO: Showing '/' POST processing sign-in form [] {"uid":"d19bd73"}
[2016-12-02 10:26:10] slim-app.INFO: Showing '/log-in' page [] {"uid":"79abff5"}
[2016-12-02 10:26:10] slim-app.INFO: Showing '/' home page [] {"uid":"9c0d629"}
[2016-12-02 10:27:02] slim-app.INFO: Showing '/log-in' page [] {"uid":"99054c6"}
[2016-12-02 10:27:03] slim-app.INFO: Showing '/' home page [] {"uid":"678fa63"}
[2016-12-02 10:28:42] slim-app.INFO: Showing '/log-in' page [] {"uid":"b2d2ed4"}
[2016-12-02 10:28:42] slim-app.INFO: Showing '/' home page [] {"uid":"4280359"}
[2016-12-02 10:29:47] slim-app.INFO: Showing '/log-in' page [] {"uid":"a97592c"}
[2016-12-02 10:29:47] slim-app.INFO: Showing '/' home page [] {"uid":"a3e17e7"}
[2016-12-02 10:29:58] slim-app.INFO: Showing '/log-in' page [] {"uid":"7593abf"}
[2016-12-02 10:29:58] slim-app.INFO: Showing '/' home page [] {"uid":"b7dd4fa"}
[2016-12-02 10:30:05] slim-app.INFO: Showing '/log-in' page [] {"uid":"99b5aaa"}
[2016-12-02 10:30:06] slim-app.INFO: Showing '/' home page [] {"uid":"ec7d695"}
[2016-12-02 10:30:09] slim-app.INFO: Showing '/' home page [] {"uid":"631817c"}
[2016-12-02 10:30:09] slim-app.INFO: Showing '/' home page [] {"uid":"a82cfad"}
[2016-12-02 10:30:11] slim-app.INFO: Showing '/log-in' page [] {"uid":"9de0d28"}
[2016-12-02 10:30:11] slim-app.INFO: Showing '/' home page [] {"uid":"b736113"}
[2016-12-02 10:30:15] slim-app.INFO: Showing '/' home page [] {"uid":"664afc4"}
[2016-12-02 10:30:20] slim-app.INFO: Showing '/log-in' page [] {"uid":"9b57544"}
[2016-12-02 10:30:20] slim-app.INFO: Showing '/' home page [] {"uid":"1e4a851"}
[2016-12-02 10:33:13] slim-app.INFO: Showing '/log-in' page [] {"uid":"2cd1062"}
[2016-12-02 10:33:14] slim-app.INFO: Showing '/' home page [] {"uid":"49884c0"}
[2016-12-02 10:33:24] slim-app.INFO: Showing '/sign-up' page [] {"uid":"da68d7b"}
[2016-12-02 10:33:24] slim-app.INFO: Showing '/' home page [] {"uid":"7c0af14"}
[2016-12-02 10:33:25] slim-app.INFO: Showing '/log-in' page [] {"uid":"3ced6ea"}
[2016-12-02 10:33:26] slim-app.INFO: Showing '/' home page [] {"uid":"3253331"}
[2016-12-02 10:33:37] slim-app.INFO: Showing '/' POST processing sign-in form [] {"uid":"4ffe7e3"}
[2016-12-02 10:33:37] slim-app.INFO: Showing '/log-in' page [] {"uid":"5c95e9d"}
[2016-12-02 10:33:38] slim-app.INFO: Showing '/' home page [] {"uid":"f2e39b3"}
[2016-12-02 10:33:44] slim-app.INFO: Showing '/' home page [] {"uid":"61d44db"}
[2016-12-02 10:33:44] slim-app.INFO: Showing '/' home page [] {"uid":"2e4f4ad"}
[2016-12-02 10:33:46] slim-app.INFO: Showing '/log-in' page [] {"uid":"d2637a1"}
[2016-12-02 10:33:47] slim-app.INFO: Showing '/' home page [] {"uid":"3ecaaac"}
[2016-12-02 10:33:50] slim-app.INFO: Showing '/' home page [] {"uid":"59eae15"}
[2016-12-02 10:33:50] slim-app.INFO: Showing '/' home page [] {"uid":"e3ccf30"}
[2016-12-02 10:33:56] slim-app.INFO: Showing '/log-in' page [] {"uid":"d87df8f"}
[2016-12-02 10:33:57] slim-app.INFO: Showing '/' home page [] {"uid":"bfe1834"}
[2016-12-02 10:38:43] slim-app.INFO: Showing '/log-in' page [] {"uid":"f7b7dbf"}
[2016-12-02 10:38:43] slim-app.INFO: Showing '/' home page [] {"uid":"dac2dab"}
[2016-12-02 10:38:55] slim-app.INFO: Showing '/log-in' page [] {"uid":"e89a2e6"}
[2016-12-02 10:38:56] slim-app.INFO: Showing '/' home page [] {"uid":"07e23a2"}
[2016-12-02 10:39:22] slim-app.INFO: Showing '/log-in' page [] {"uid":"edd746a"}
[2016-12-02 10:39:22] slim-app.INFO: Showing '/' home page [] {"uid":"8680f29"}
[2016-12-02 10:46:10] slim-app.INFO: Showing '/log-in' page [] {"uid":"ae38230"}
[2016-12-02 10:46:11] slim-app.INFO: Showing '/' home page [] {"uid":"7e006da"}
[2016-12-02 10:46:17] slim-app.INFO: Showing '/' POST processing sign-in form [] {"uid":"68efb70"}
[2016-12-02 10:46:17] slim-app.INFO: Showing '/log-in' page [] {"uid":"256c63b"}
[2016-12-02 10:46:18] slim-app.INFO: Showing '/' home page [] {"uid":"8475195"}
[2016-12-02 10:46:19] slim-app.INFO: Showing '/' home page [] {"uid":"b84618c"}
[2016-12-02 10:46:19] slim-app.INFO: Showing '/' home page [] {"uid":"cec4e7f"}
[2016-12-02 10:46:20] slim-app.INFO: Showing '/log-in' page [] {"uid":"e65e2e5"}
[2016-12-02 10:46:21] slim-app.INFO: Showing '/' home page [] {"uid":"465aaa4"}
[2016-12-02 10:46:25] slim-app.INFO: Showing '/' POST processing sign-in form [] {"uid":"63521ad"}
[2016-12-02 10:46:25] slim-app.INFO: Showing '/log-in' page [] {"uid":"021734d"}
[2016-12-02 10:46:26] slim-app.INFO: Showing '/' home page [] {"uid":"f9c89d3"}
[2016-12-02 10:48:11] slim-app.INFO: Showing '/' home page [] {"uid":"732d29c"}
[2016-12-02 10:48:12] slim-app.INFO: Showing '/' home page [] {"uid":"fe55a49"}
[2016-12-02 10:48:17] slim-app.INFO: Showing '/log-in' page [] {"uid":"54fde61"}
[2016-12-02 10:48:18] slim-app.INFO: Showing '/' home page [] {"uid":"b647b68"}
[2016-12-02 10:48:21] slim-app.INFO: Showing '/' POST processing sign-in form [] {"uid":"7ea24e9"}
[2016-12-02 10:48:21] slim-app.INFO: Showing '/log-in' page [] {"uid":"a7d8978"}
[2016-12-02 10:48:22] slim-app.INFO: Showing '/' home page [] {"uid":"7803d5f"}
[2016-12-02 10:48:25] slim-app.INFO: Showing '/' home page [] {"uid":"ff866c7"}
[2016-12-02 10:48:25] slim-app.INFO: Showing '/' home page [] {"uid":"48f27d0"}
[2016-12-02 11:10:54] slim-app.INFO: Showing '/' home page [] {"uid":"a32a7b8"}
[2016-12-02 11:10:55] slim-app.INFO: Showing '/' home page [] {"uid":"993cecb"}
[2016-12-02 11:11:34] slim-app.INFO: Showing '/log-in' page [] {"uid":"c8d2637"}
[2016-12-02 11:11:34] slim-app.INFO: Showing '/' home page [] {"uid":"181c5c4"}
[2016-12-02 11:11:38] slim-app.INFO: Showing '/' POST processing sign-in form [] {"uid":"7a1701e"}
[2016-12-02 11:11:39] slim-app.INFO: Showing '/log-in' page [] {"uid":"1244cb2"}
[2016-12-02 11:11:39] slim-app.INFO: Showing '/' home page [] {"uid":"7fa2e10"}
[2016-12-02 11:13:31] slim-app.INFO: Showing '/log-in' page [] {"uid":"a33e7a0"}
[2016-12-02 11:13:32] slim-app.INFO: Showing '/' home page [] {"uid":"32f09cb"}
[2016-12-02 11:15:04] slim-app.INFO: Showing '/log-in' page [] {"uid":"f6c85c1"}
[2016-12-02 11:15:05] slim-app.INFO: Showing '/' home page [] {"uid":"3e46a4d"}
[2016-12-02 11:16:46] slim-app.INFO: Showing '/log-in' page [] {"uid":"2543f59"}
[2016-12-02 11:16:47] slim-app.INFO: Showing '/' home page [] {"uid":"db4bd54"}
[2016-12-02 11:18:42] slim-app.INFO: Showing '/log-in' page [] {"uid":"ff5f0b4"}
[2016-12-02 11:18:43] slim-app.INFO: Showing '/' home page [] {"uid":"db6e8a8"}
[2016-12-02 11:19:37] slim-app.INFO: Showing '/log-in' page [] {"uid":"9c45a8b"}
[2016-12-02 11:19:37] slim-app.INFO: Showing '/' home page [] {"uid":"4c4d666"}
[2016-12-02 11:19:54] slim-app.INFO: Showing '/log-in' page [] {"uid":"d381e53"}
[2016-12-02 11:19:55] slim-app.INFO: Showing '/' home page [] {"uid":"9810828"}
[2016-12-02 11:20:05] slim-app.INFO: Showing '/log-in' page [] {"uid":"4ba029f"}
[2016-12-02 11:20:05] slim-app.INFO: Showing '/' home page [] {"uid":"2087e2f"}
[2016-12-02 11:21:07] slim-app.INFO: Showing '/log-in' page [] {"uid":"04a5ba6"}
[2016-12-02 11:21:07] slim-app.INFO: Showing '/' home page [] {"uid":"1619b2a"}
[2016-12-02 11:32:46] slim-app.INFO: Showing '/log-in' page [] {"uid":"7078c94"}
[2016-12-02 11:32:47] slim-app.INFO: Showing '/' home page [] {"uid":"8a3606f"}
[2016-12-02 11:34:22] slim-app.INFO: Showing '/log-in' page [] {"uid":"5db37c5"}
[2016-12-02 11:34:22] slim-app.INFO: Showing '/' home page [] {"uid":"fcc995e"}
[2016-12-02 11:49:08] slim-app.INFO: Showing '/log-in' page [] {"uid":"b5b4895"}
[2016-12-02 11:49:09] slim-app.INFO: Showing '/' home page [] {"uid":"d713699"}
[2016-12-02 11:49:11] slim-app.INFO: Showing '/log-in' page [] {"uid":"aae7795"}
[2016-12-02 11:49:12] slim-app.INFO: Showing '/' home page [] {"uid":"3245022"}
[2016-12-02 11:49:23] slim-app.INFO: Showing '/log-in' page [] {"uid":"e3d37ee"}
[2016-12-02 11:49:23] slim-app.INFO: Showing '/' home page [] {"uid":"f73a03c"}
[2016-12-02 11:51:17] slim-app.INFO: Showing '/log-in' page [] {"uid":"262246b"}
[2016-12-02 11:51:17] slim-app.INFO: Showing '/' home page [] {"uid":"9efdebf"}
[2016-12-02 11:52:19] slim-app.INFO: Showing '/log-in' page [] {"uid":"8d37327"}
[2016-12-02 11:52:20] slim-app.INFO: Showing '/' home page [] {"uid":"52677e2"}
[2016-12-02 11:54:57] slim-app.INFO: Showing '/log-in' page [] {"uid":"cb5d5bf"}
[2016-12-02 11:54:58] slim-app.INFO: Showing '/' home page [] {"uid":"390c9d1"}
[2016-12-02 12:00:25] slim-app.INFO: Showing '/' home page [] {"uid":"990cb1e"}
[2016-12-02 12:00:25] slim-app.INFO: Showing '/' home page [] {"uid":"e00b45c"}
[2016-12-02 12:00:27] slim-app.INFO: Showing '/log-in' page [] {"uid":"443fb27"}
[2016-12-02 12:00:28] slim-app.INFO: Showing '/' home page [] {"uid":"94c8af7"}
[2016-12-02 12:00:40] slim-app.INFO: Showing '/' POST processing sign-in form [] {"uid":"0af8f1b"}
[2016-12-02 12:00:40] slim-app.DEBUG: Error when finding user: [] {"uid":"0af8f1b"}
[2016-12-02 12:00:40] slim-app.DEBUG: --> No user found! [] {"uid":"0af8f1b"}
[2016-12-02 12:00:41] slim-app.INFO: Showing '/' home page [] {"uid":"a3fc06a"}
[2016-12-02 12:00:43] slim-app.INFO: Showing '/' POST processing sign-in form [] {"uid":"048ff90"}
[2016-12-02 12:00:43] slim-app.DEBUG: Error when finding user: [] {"uid":"048ff90"}
[2016-12-02 12:00:43] slim-app.DEBUG: --> No user found! [] {"uid":"048ff90"}
[2016-12-02 12:00:43] slim-app.INFO: Showing '/' home page [] {"uid":"3e45c1a"}
[2016-12-02 12:03:27] slim-app.INFO: Showing '/' POST processing sign-in form [] {"uid":"493c79f"}
[2016-12-02 12:03:27] slim-app.DEBUG: Error when finding user: [] {"uid":"493c79f"}
[2016-12-02 12:03:27] slim-app.DEBUG: --> No user found! [] {"uid":"493c79f"}
[2016-12-02 12:03:28] slim-app.INFO: Showing '/' home page [] {"uid":"c08aeba"}
[2016-12-03 15:22:42] slim-app.INFO: Showing '/' home page [] {"uid":"20806e8"}
[2016-12-03 15:22:44] slim-app.INFO: Showing '/' home page [] {"uid":"eae3ec7"}
[2016-12-03 15:25:29] slim-app.INFO: Showing '/sign-up' page [] {"uid":"2d15fca"}
[2016-12-03 15:25:29] slim-app.INFO: Showing '/' home page [] {"uid":"9e469d6"}
[2016-12-03 15:25:56] slim-app.INFO: Showing '/' POST processing sign-up form [] {"uid":"e01f3de"}
[2016-12-03 15:25:56] slim-app.INFO: Showing '/log-in' page [] {"uid":"fb3d56b"}
[2016-12-03 15:25:58] slim-app.INFO: Showing '/' home page [] {"uid":"144e94b"}
[2016-12-03 15:26:15] slim-app.INFO: Showing '/' POST processing sign-in form [] {"uid":"2885c7c"}
[2016-12-03 15:26:15] slim-app.INFO: Showing '/log-in' page [] {"uid":"dcd1e0e"}
[2016-12-03 15:26:16] slim-app.INFO: Showing '/' home page [] {"uid":"36ded72"}
[2016-12-03 15:26:32] slim-app.INFO: Showing '/' home page [] {"uid":"e2ff582"}
[2016-12-03 15:26:33] slim-app.INFO: Showing '/' home page [] {"uid":"1adc613"}
[2016-12-03 15:28:49] slim-app.INFO: Showing '/sign-up' page [] {"uid":"4d0e201"}
[2016-12-03 15:28:50] slim-app.INFO: Showing '/' home page [] {"uid":"21602c2"}
[2016-12-03 15:28:55] slim-app.INFO: Showing '/log-in' page [] {"uid":"3d048bd"}
[2016-12-03 15:28:56] slim-app.INFO: Showing '/' home page [] {"uid":"a1d4d65"}
[2016-12-03 15:29:11] slim-app.INFO: Showing '/' POST processing sign-in form [] {"uid":"8cdc249"}
[2016-12-03 15:29:12] slim-app.INFO: Showing '/log-in' page [] {"uid":"23a9971"}
[2016-12-03 15:29:12] slim-app.INFO: Showing '/' home page [] {"uid":"cad5824"}
[2016-12-06 08:56:11] slim-app.INFO: Showing '/' home page [] {"uid":"9211110"}
[2016-12-06 08:56:13] slim-app.INFO: Showing '/' home page [] {"uid":"28dd7cc"}
[2016-12-06 08:56:15] slim-app.INFO: Showing '/' home page [] {"uid":"3818afa"}
[2016-12-06 08:56:23] slim-app.INFO: Showing '/log-in' page [] {"uid":"834c596"}
[2016-12-06 08:56:23] slim-app.INFO: Showing '/' home page [] {"uid":"c7a8165"}
[2016-12-06 08:56:38] slim-app.INFO: Showing '/' home page [] {"uid":"4da9b4e"}
[2016-12-06 08:56:39] slim-app.INFO: Showing '/' home page [] {"uid":"ec0b955"}
[2016-12-06 08:56:40] slim-app.INFO: Showing '/log-in' page [] {"uid":"07772ed"}
[2016-12-06 08:56:41] slim-app.INFO: Showing '/' home page [] {"uid":"af4d0fa"}
[2016-12-06 08:56:47] slim-app.INFO: Showing '/' POST processing sign-in form [] {"uid":"6cc86e2"}
[2016-12-06 08:56:47] slim-app.INFO: Showing '/log-in' page [] {"uid":"a5320ca"}
[2016-12-06 08:56:48] slim-app.INFO: Showing '/' home page [] {"uid":"9253f2d"}
[2016-12-06 09:14:38] slim-app.INFO: Showing '/log-in' page [] {"uid":"a658b73"}
[2016-12-06 09:14:39] slim-app.INFO: Showing '/' home page [] {"uid":"690eb58"}
[2016-12-06 09:15:03] slim-app.INFO: Showing '/' home page [] {"uid":"0c705e2"}
[2016-12-06 09:15:07] slim-app.INFO: Showing '/' home page [] {"uid":"cfeccba"}
[2016-12-06 09:15:08] slim-app.INFO: Showing '/' home page [] {"uid":"b89b250"}
[2016-12-06 09:15:10] slim-app.INFO: Showing '/log-in' page [] {"uid":"519a490"}
[2016-12-06 09:15:11] slim-app.INFO: Showing '/' home page [] {"uid":"eb8ee20"}
[2016-12-06 09:41:42] slim-app.INFO: Showing '/log-in' page [] {"uid":"c5855ed"}
[2016-12-06 09:41:43] slim-app.INFO: Showing '/' home page [] {"uid":"e86e8a4"}
[2016-12-06 09:41:44] slim-app.INFO: Showing '/' home page [] {"uid":"3372ece"}
[2016-12-06 09:41:45] slim-app.INFO: Showing '/' home page [] {"uid":"869fcde"}
[2016-12-06 09:41:45] slim-app.INFO: Showing '/' home page [] {"uid":"507787b"}
[2016-12-06 09:41:46] slim-app.INFO: Showing '/' home page [] {"uid":"65a2e98"}
[2016-12-06 09:41:47] slim-app.INFO: Showing '/log-in' page [] {"uid":"f577031"}
[2016-12-06 09:41:48] slim-app.INFO: Showing '/' home page [] {"uid":"d1fe983"}
[2016-12-06 09:41:49] slim-app.INFO: Showing '/' home page [] {"uid":"a116ed4"}
[2016-12-06 09:41:49] slim-app.INFO: Showing '/' home page [] {"uid":"8466962"}
[2016-12-06 09:42:38] slim-app.INFO: Showing '/' home page [] {"uid":"4b01666"}
[2016-12-06 09:42:39] slim-app.INFO: Showing '/' home page [] {"uid":"6dd043e"}
[2016-12-06 10:12:18] slim-app.INFO: Showing '/' home page [] {"uid":"14f8003"}
[2016-12-06 10:12:19] slim-app.INFO: Showing '/' home page [] {"uid":"cfbe2d8"}
[2016-12-06 10:12:20] slim-app.INFO: Showing '/' home page [] {"uid":"5003aab"}
[2016-12-06 10:12:22] slim-app.INFO: Showing '/' home page [] {"uid":"96b54b2"}
[2016-12-06 10:12:22] slim-app.INFO: Showing '/' home page [] {"uid":"e751d57"}
[2016-12-06 10:12:23] slim-app.INFO: Showing '/log-in' page [] {"uid":"67085a6"}
[2016-12-06 10:12:25] slim-app.INFO: Showing '/' home page [] {"uid":"673a200"}
[2016-12-06 10:12:29] slim-app.INFO: Showing '/' POST processing sign-in form [] {"uid":"b2df3aa"}
[2016-12-06 10:12:29] slim-app.INFO: Showing '/log-in' page [] {"uid":"ab4a79f"}
[2016-12-06 10:12:30] slim-app.INFO: Showing '/' home page [] {"uid":"81578a1"}
[2016-12-09 09:22:47] slim-app.INFO: Showing '/' home page [] {"uid":"da20a6e"}
[2016-12-09 09:22:49] slim-app.INFO: Showing '/' home page [] {"uid":"f0a0672"}
[2016-12-09 09:22:54] slim-app.INFO: Showing '/log-in' page [] {"uid":"ece9892"}
[2016-12-09 09:22:55] slim-app.INFO: Showing '/' home page [] {"uid":"908f234"}
[2016-12-09 10:08:07] slim-app.INFO: Showing '/' home page [] {"uid":"13db9ab"}
[2016-12-09 10:08:09] slim-app.INFO: Showing '/' home page [] {"uid":"79a6da2"}
[2016-12-09 10:08:11] slim-app.INFO: Showing '/log-in' page [] {"uid":"c51877a"}
[2016-12-09 10:08:12] slim-app.INFO: Showing '/' home page [] {"uid":"e103c24"}
[2016-12-09 10:25:35] slim-app.INFO: Showing '/' home page [] {"uid":"6cf3db7"}
[2016-12-09 10:25:36] slim-app.INFO: Showing '/' home page [] {"uid":"c0f7b83"}
[2016-12-09 10:25:38] slim-app.INFO: Showing '/log-in' page [] {"uid":"1b5ddba"}
[2016-12-09 10:25:39] slim-app.INFO: Showing '/' home page [] {"uid":"1576f91"}
[2016-12-09 10:25:40] slim-app.INFO: Showing '/' home page [] {"uid":"6ad0254"}
[2016-12-09 10:25:40] slim-app.INFO: Showing '/' home page [] {"uid":"b23a6b0"}
[2016-12-09 10:25:41] slim-app.INFO: Showing '/' home page [] {"uid":"c279c2f"}
[2016-12-09 10:25:43] slim-app.INFO: Showing '/sign-up' page [] {"uid":"f2d87c6"}
[2016-12-09 10:25:44] slim-app.INFO: Showing '/' home page [] {"uid":"91e395c"}
[2016-12-09 10:26:30] slim-app.INFO: Showing '/' POST processing sign-up form [] {"uid":"dbff874"}
[2016-12-09 10:26:31] slim-app.INFO: Showing '/' home page [] {"uid":"02fd2df"}
[2016-12-09 10:27:06] slim-app.INFO: Showing '/' POST processing sign-up form [] {"uid":"1068524"}
[2016-12-09 10:27:06] slim-app.INFO: Showing '/' home page [] {"uid":"c1a10a6"}
[2016-12-09 10:34:22] slim-app.INFO: Showing '/' POST processing sign-up form [] {"uid":"41c7ff7"}
[2016-12-09 10:34:23] slim-app.DEBUG: Error when saving user: [] {"uid":"41c7ff7"}
[2016-12-09 10:34:23] slim-app.DEBUG: --> SQLSTATE[42S22]: Column not found: 1054 Unknown column 'acces_key' in 'field list' [] {"uid":"41c7ff7"}
[2016-12-09 10:34:24] slim-app.INFO: Showing '/' home page [] {"uid":"8e5c0f2"}
[2016-12-09 10:34:26] slim-app.INFO: Showing '/sign-up' page [] {"uid":"d313a52"}
[2016-12-09 10:34:27] slim-app.INFO: Showing '/' home page [] {"uid":"f9e0884"}
[2016-12-09 10:34:46] slim-app.INFO: Showing '/' POST processing sign-up form [] {"uid":"f0d493a"}
[2016-12-09 10:34:46] slim-app.DEBUG: Error when saving user: [] {"uid":"f0d493a"}
[2016-12-09 10:34:46] slim-app.DEBUG: --> SQLSTATE[42S22]: Column not found: 1054 Unknown column 'acces_key' in 'field list' [] {"uid":"f0d493a"}
[2016-12-09 10:34:47] slim-app.INFO: Showing '/' home page [] {"uid":"125ab3c"}
[2016-12-09 10:36:51] slim-app.INFO: Showing '/' POST processing sign-up form [] {"uid":"5776014"}
[2016-12-09 10:36:51] slim-app.INFO: Showing '/log-in' page [] {"uid":"51352cd"}
[2016-12-09 10:36:52] slim-app.INFO: Showing '/' home page [] {"uid":"0255cfd"}
[2016-12-09 10:36:58] slim-app.INFO: Showing '/' POST processing sign-in form [] {"uid":"20b442c"}
[2016-12-09 10:36:59] slim-app.INFO: Showing '/log-in' page [] {"uid":"95941ff"}
[2016-12-09 10:36:59] slim-app.INFO: Showing '/' home page [] {"uid":"a460daa"}
[2016-12-09 10:37:47] slim-app.INFO: Showing '/' home page [] {"uid":"c7cef41"}
[2016-12-09 10:37:48] slim-app.INFO: Showing '/' home page [] {"uid":"c66ef20"}
[2016-12-09 10:37:50] slim-app.INFO: Showing '/log-in' page [] {"uid":"62af67a"}
[2016-12-09 10:37:50] slim-app.INFO: Showing '/' home page [] {"uid":"864233f"}
[2016-12-09 10:37:51] slim-app.INFO: Showing '/sign-up' page [] {"uid":"051203f"}
[2016-12-09 10:37:52] slim-app.INFO: Showing '/' home page [] {"uid":"9176212"}
[2016-12-09 10:38:09] slim-app.INFO: Showing '/' POST processing sign-up form [] {"uid":"a72a213"}
[2016-12-09 10:38:09] slim-app.INFO: Showing '/log-in' page [] {"uid":"97a1741"}
[2016-12-09 10:38:10] slim-app.INFO: Showing '/' home page [] {"uid":"3dfbff1"}
[2016-12-09 10:38:15] slim-app.INFO: Showing '/' POST processing sign-in form [] {"uid":"7be607c"}
[2016-12-09 10:38:16] slim-app.INFO: Showing '/log-in' page [] {"uid":"fafc394"}
[2016-12-09 10:38:17] slim-app.INFO: Showing '/' home page [] {"uid":"2e4baad"}
[2016-12-09 10:42:48] slim-app.INFO: Showing '/' home page [] {"uid":"3dd181d"}
[2016-12-09 10:42:48] slim-app.INFO: Showing '/' home page [] {"uid":"546759b"}
[2016-12-09 10:42:52] slim-app.INFO: Showing '/sign-up' page [] {"uid":"e3824c7"}
[2016-12-09 10:42:53] slim-app.INFO: Showing '/' home page [] {"uid":"67dcf4c"}
[2016-12-09 10:43:14] slim-app.INFO: Showing '/' POST processing sign-up form [] {"uid":"096b8fb"}
[2016-12-09 10:43:14] slim-app.DEBUG: Error when saving user: [] {"uid":"096b8fb"}
[2016-12-09 10:43:14] slim-app.DEBUG: --> SQLSTATE[HY093]: Invalid parameter number: parameter was not defined [] {"uid":"096b8fb"}
[2016-12-09 10:43:15] slim-app.INFO: Showing '/' home page [] {"uid":"373b836"}
[2016-12-09 10:45:42] slim-app.INFO: Showing '/' POST processing sign-up form [] {"uid":"05293b0"}
[2016-12-09 10:45:42] slim-app.DEBUG: Error when saving user: [] {"uid":"05293b0"}
[2016-12-09 10:45:42] slim-app.DEBUG: --> SQLSTATE[HY093]: Invalid parameter number: parameter was not defined [] {"uid":"05293b0"}
[2016-12-09 10:45:43] slim-app.INFO: Showing '/' home page [] {"uid":"33199ba"}
[2016-12-09 11:07:37] slim-app.INFO: Showing '/' POST processing sign-up form [] {"uid":"0775418"}
[2016-12-09 11:07:37] slim-app.INFO: Showing '/log-in' page [] {"uid":"67ec0c8"}
[2016-12-09 11:07:38] slim-app.INFO: Showing '/' home page [] {"uid":"0339a87"}
[2016-12-09 11:07:46] slim-app.INFO: Showing '/' POST processing sign-in form [] {"uid":"13c9dc6"}
[2016-12-09 11:07:46] slim-app.INFO: Showing '/log-in' page [] {"uid":"f4657f8"}
[2016-12-09 11:07:47] slim-app.INFO: Showing '/' home page [] {"uid":"43b701c"}
[2016-12-09 11:13:10] slim-app.INFO: Showing '/log-in' page [] {"uid":"2d1dc51"}
[2016-12-09 11:13:10] slim-app.INFO: Showing '/' home page [] {"uid":"5d18560"}
[2016-12-09 11:14:01] slim-app.INFO: Showing '/log-in' page [] {"uid":"df85e8e"}
[2016-12-09 11:14:01] slim-app.INFO: Showing '/' home page [] {"uid":"14d60b8"}
[2016-12-09 11:14:05] slim-app.INFO: Showing '/log-in' page [] {"uid":"cabd422"}
[2016-12-09 11:14:05] slim-app.INFO: Showing '/' home page [] {"uid":"814f1cb"}
[2016-12-09 11:14:23] slim-app.INFO: Showing '/log-in' page [] {"uid":"ae21e0e"}
[2016-12-09 11:14:24] slim-app.INFO: Showing '/' home page [] {"uid":"94debea"}
[2016-12-09 11:15:14] slim-app.INFO: Showing '/log-in' page [] {"uid":"4c949f4"}
[2016-12-09 11:15:15] slim-app.INFO: Showing '/' home page [] {"uid":"184dc0a"}
[2016-12-09 11:15:24] slim-app.INFO: Showing '/log-in' page [] {"uid":"c1e1191"}
[2016-12-09 11:15:25] slim-app.INFO: Showing '/' home page [] {"uid":"0f55a69"}
[2016-12-09 11:16:13] slim-app.INFO: Showing '/log-in' page [] {"uid":"6a1bd2a"}
[2016-12-09 11:16:13] slim-app.INFO: Showing '/' home page [] {"uid":"9736b85"}
[2016-12-09 11:17:04] slim-app.INFO: Showing '/log-in' page [] {"uid":"92949da"}
[2016-12-09 11:17:05] slim-app.INFO: Showing '/' home page [] {"uid":"6378d9f"}
[2016-12-09 11:17:13] slim-app.INFO: Showing '/log-in' page [] {"uid":"51303e0"}
[2016-12-09 11:17:14] slim-app.INFO: Showing '/' home page [] {"uid":"02312ed"}
[2016-12-09 11:17:30] slim-app.INFO: Showing '/log-in' page [] {"uid":"6781f11"}
[2016-12-09 11:17:31] slim-app.INFO: Showing '/' home page [] {"uid":"d111134"}
[2016-12-09 11:17:36] slim-app.INFO: Showing '/log-in' page [] {"uid":"481eea0"}
[2016-12-09 11:17:37] slim-app.INFO: Showing '/' home page [] {"uid":"a3f71a7"}
[2016-12-09 11:17:40] slim-app.INFO: Showing '/log-in' page [] {"uid":"7e1fca9"}
[2016-12-09 11:17:41] slim-app.INFO: Showing '/' home page [] {"uid":"480e455"}
[2016-12-09 11:18:25] slim-app.INFO: Showing '/log-in' page [] {"uid":"fb7890a"}
[2016-12-09 11:18:26] slim-app.INFO: Showing '/' home page [] {"uid":"5f6c1be"}
[2016-12-09 11:18:29] slim-app.INFO: Showing '/log-in' page [] {"uid":"12af6fe"}
[2016-12-09 11:18:30] slim-app.INFO: Showing '/' home page [] {"uid":"6680d57"}
[2016-12-09 11:18:33] slim-app.INFO: Showing '/log-in' page [] {"uid":"7c1be11"}
[2016-12-09 11:18:34] slim-app.INFO: Showing '/' home page [] {"uid":"53e5d33"}
[2016-12-09 11:18:59] slim-app.INFO: Showing '/log-in' page [] {"uid":"1f95f06"}
[2016-12-09 11:19:00] slim-app.INFO: Showing '/' home page [] {"uid":"b64fdf7"}
[2016-12-09 11:23:31] slim-app.INFO: Showing '/log-in' page [] {"uid":"f48f561"}
[2016-12-09 11:23:32] slim-app.INFO: Showing '/' home page [] {"uid":"45f4683"}
[2016-12-09 11:23:34] slim-app.INFO: Showing '/log-in' page [] {"uid":"db32681"}
[2016-12-09 11:23:36] slim-app.INFO: Showing '/' home page [] {"uid":"f80ea56"}
[2016-12-09 11:23:38] slim-app.INFO: Showing '/log-in' page [] {"uid":"fe5b1be"}
[2016-12-09 11:23:39] slim-app.INFO: Showing '/' home page [] {"uid":"f9dc0f6"}
[2016-12-09 11:23:42] slim-app.INFO: Showing '/' home page [] {"uid":"eddac7a"}
[2016-12-09 11:23:43] slim-app.INFO: Showing '/' home page [] {"uid":"436e442"}
[2016-12-09 11:23:44] slim-app.INFO: Showing '/' home page [] {"uid":"16d1501"}
[2016-12-09 11:23:45] slim-app.INFO: Showing '/log-in' page [] {"uid":"5da9006"}
[2016-12-09 11:23:46] slim-app.INFO: Showing '/' home page [] {"uid":"f6597e1"}
[2016-12-09 11:23:54] slim-app.INFO: Showing '/' POST processing sign-in form [] {"uid":"201cecc"}
[2016-12-09 11:23:54] slim-app.INFO: Showing '/log-in' page [] {"uid":"adc9085"}
[2016-12-09 11:23:55] slim-app.INFO: Showing '/' home page [] {"uid":"075826c"}
[2016-12-09 11:24:01] slim-app.INFO: Showing '/log-in' page [] {"uid":"27faf5f"}
[2016-12-09 11:24:02] slim-app.INFO: Showing '/' home page [] {"uid":"f9c8f66"}
[2016-12-09 11:24:05] slim-app.INFO: Showing '/log-in' page [] {"uid":"961b85a"}
[2016-12-09 11:24:06] slim-app.INFO: Showing '/' home page [] {"uid":"d11fc0c"}
[2016-12-09 11:25:29] slim-app.INFO: Showing '/log-in' page [] {"uid":"0c2467c"}
[2016-12-09 11:25:29] slim-app.INFO: Showing '/' home page [] {"uid":"a918087"}
[2016-12-09 11:25:34] slim-app.INFO: Showing '/log-in' page [] {"uid":"f1f0d74"}
[2016-12-09 11:25:35] slim-app.INFO: Showing '/' home page [] {"uid":"a90e515"}
[2016-12-09 11:30:31] slim-app.INFO: Showing '/' home page [] {"uid":"cc77f9c"}
[2016-12-09 11:30:32] slim-app.INFO: Showing '/' home page [] {"uid":"d9a668e"}
[2016-12-09 11:30:59] slim-app.INFO: Showing '/log-in' page [] {"uid":"7adbe77"}
[2016-12-09 11:31:00] slim-app.INFO: Showing '/' home page [] {"uid":"fdf56ef"}
[2016-12-09 11:31:39] slim-app.INFO: Showing '/sign-up' page [] {"uid":"6ddcc47"}
[2016-12-09 11:31:40] slim-app.INFO: Showing '/' home page [] {"uid":"cb2f594"}
[2016-12-09 11:33:07] slim-app.INFO: Showing '/' POST processing sign-up form [] {"uid":"2d8b96a"}
[2016-12-09 11:33:07] slim-app.INFO: Showing '/log-in' page [] {"uid":"8f03107"}
[2016-12-09 11:33:08] slim-app.INFO: Showing '/' home page [] {"uid":"596065e"}
[2016-12-09 11:33:14] slim-app.INFO: Showing '/' POST processing sign-in form [] {"uid":"c6d0a79"}
[2016-12-09 11:33:14] slim-app.INFO: Showing '/log-in' page [] {"uid":"96f3cb1"}
[2016-12-09 11:33:15] slim-app.INFO: Showing '/' home page [] {"uid":"07af5dd"}
[2016-12-09 11:33:19] slim-app.INFO: Showing '/log-in' page [] {"uid":"00949f0"}
[2016-12-09 11:33:20] slim-app.INFO: Showing '/' home page [] {"uid":"233bf44"}
[2016-12-09 11:33:22] slim-app.INFO: Showing '/log-in' page [] {"uid":"a0a4dfe"}
[2016-12-09 11:33:22] slim-app.INFO: Showing '/' home page [] {"uid":"293d2e1"}
[2016-12-09 11:33:24] slim-app.INFO: Showing '/log-in' page [] {"uid":"6a6b650"}
[2016-12-09 11:33:25] slim-app.INFO: Showing '/' home page [] {"uid":"a4bb9aa"}
[2016-12-09 11:40:44] slim-app.INFO: Showing '/log-in' page [] {"uid":"f58478b"}
[2016-12-09 11:40:45] slim-app.INFO: Showing '/' home page [] {"uid":"1cc06d5"}
[2016-12-09 11:40:49] slim-app.INFO: Showing '/log-in' page [] {"uid":"f2737a8"}
[2016-12-09 11:40:49] slim-app.INFO: Showing '/' home page [] {"uid":"5977966"}
[2016-12-09 11:40:53] slim-app.INFO: Showing '/' home page [] {"uid":"4123bf8"}
[2016-12-09 11:40:54] slim-app.INFO: Showing '/' home page [] {"uid":"00858eb"}
[2016-12-09 11:40:55] slim-app.INFO: Showing '/log-in' page [] {"uid":"77593f9"}
[2016-12-09 11:40:56] slim-app.INFO: Showing '/' home page [] {"uid":"19e19b8"}
[2016-12-09 11:41:02] slim-app.INFO: Showing '/' POST processing sign-in form [] {"uid":"3f46abd"}
[2016-12-09 11:41:02] slim-app.INFO: Showing '/log-in' page [] {"uid":"1b9ec5c"}
[2016-12-09 11:41:03] slim-app.INFO: Showing '/' home page [] {"uid":"2be4bc1"}
[2016-12-09 11:41:08] slim-app.INFO: Showing '/' home page [] {"uid":"e607584"}
[2016-12-09 11:41:08] slim-app.INFO: Showing '/' home page [] {"uid":"673c82f"}
[2016-12-09 11:41:12] slim-app.INFO: Showing '/sign-up' page [] {"uid":"afbd99e"}
[2016-12-09 11:41:12] slim-app.INFO: Showing '/' home page [] {"uid":"62d2b03"}
[2016-12-09 11:41:41] slim-app.INFO: Showing '/' POST processing sign-up form [] {"uid":"90ceb33"}
[2016-12-09 11:41:41] slim-app.INFO: Showing '/log-in' page [] {"uid":"8d3ae53"}
[2016-12-09 11:41:41] slim-app.INFO: Showing '/' home page [] {"uid":"3d89dd8"}
[2016-12-09 11:41:46] slim-app.INFO: Showing '/' POST processing sign-in form [] {"uid":"de9cf77"}
[2016-12-09 11:41:46] slim-app.DEBUG: Error when finding user: [] {"uid":"de9cf77"}
[2016-12-09 11:41:46] slim-app.DEBUG: --> No user found! [] {"uid":"de9cf77"}
[2016-12-09 11:41:47] slim-app.INFO: Showing '/' home page [] {"uid":"ebe7ca9"}
[2016-12-09 11:41:51] slim-app.INFO: Showing '/' POST processing sign-in form [] {"uid":"f26f31c"}
[2016-12-09 11:41:52] slim-app.INFO: Showing '/log-in' page [] {"uid":"f469683"}
[2016-12-09 11:41:52] slim-app.INFO: Showing '/' home page [] {"uid":"edb6772"}
[2016-12-09 11:41:56] slim-app.INFO: Showing '/log-in' page [] {"uid":"cdd845f"}
[2016-12-09 11:41:56] slim-app.INFO: Showing '/' home page [] {"uid":"6c65a76"}
[2016-12-09 11:41:59] slim-app.INFO: Showing '/log-in' page [] {"uid":"712e4ff"}
[2016-12-09 11:42:00] slim-app.INFO: Showing '/' home page [] {"uid":"2112940"}
[2016-12-09 11:42:04] slim-app.INFO: Showing '/log-in' page [] {"uid":"d68cdb0"}
[2016-12-09 11:42:05] slim-app.INFO: Showing '/' home page [] {"uid":"28b1ceb"}
[2016-12-09 11:42:06] slim-app.INFO: Showing '/log-in' page [] {"uid":"d517d0c"}
[2016-12-09 11:42:07] slim-app.INFO: Showing '/' home page [] {"uid":"8854137"}
[2016-12-09 11:42:09] slim-app.INFO: Showing '/log-in' page [] {"uid":"9bf2dce"}
[2016-12-09 11:42:10] slim-app.INFO: Showing '/' home page [] {"uid":"3be2ae4"}
[2016-12-09 11:53:56] slim-app.INFO: Showing '/' home page [] {"uid":"ca59959"}
[2016-12-09 11:53:57] slim-app.INFO: Showing '/' home page [] {"uid":"5aa36c1"}
[2016-12-09 11:53:58] slim-app.INFO: Showing '/sign-up' page [] {"uid":"7c00b59"}
[2016-12-09 11:53:59] slim-app.INFO: Showing '/' home page [] {"uid":"0fd7036"}
[2016-12-09 11:54:21] slim-app.INFO: Showing '/' POST processing sign-up form [] {"uid":"de7097c"}
[2016-12-09 11:54:21] slim-app.INFO: Showing '/log-in' page [] {"uid":"74755bc"}
[2016-12-09 11:54:22] slim-app.INFO: Showing '/' home page [] {"uid":"78a956b"}
[2016-12-09 11:54:36] slim-app.INFO: Showing '/log-in' page [] {"uid":"29916bc"}
[2016-12-09 11:54:37] slim-app.INFO: Showing '/' home page [] {"uid":"266ccf2"}
[2016-12-10 14:28:21] slim-app.INFO: Showing '/' home page [] {"uid":"f2b66d2"}
[2016-12-10 14:28:24] slim-app.INFO: Showing '/' home page [] {"uid":"fffe9ea"}
[2016-12-10 14:28:25] slim-app.INFO: Showing '/sign-up' page [] {"uid":"a4b1e45"}
[2016-12-10 14:28:26] slim-app.INFO: Showing '/' home page [] {"uid":"38ab4be"}
[2016-12-10 14:28:51] slim-app.INFO: Showing '/' POST processing sign-up form [] {"uid":"a642213"}
[2016-12-10 14:28:52] slim-app.INFO: Showing '/log-in' page [] {"uid":"11409f1"}
[2016-12-10 14:28:53] slim-app.INFO: Showing '/' home page [] {"uid":"d44d964"}
[2016-12-10 14:28:53] slim-app.INFO: Showing '/log-in' page [] {"uid":"e0c1301"}
[2016-12-10 14:28:54] slim-app.INFO: Showing '/' home page [] {"uid":"3637701"}
[2016-12-10 14:29:00] slim-app.INFO: Showing '/' POST processing sign-in form [] {"uid":"50a7608"}
[2016-12-10 14:29:00] slim-app.INFO: Showing '/log-in' page [] {"uid":"36b3097"}
[2016-12-10 14:29:02] slim-app.INFO: Showing '/' home page [] {"uid":"c1bd05a"}
[2016-12-10 14:29:50] slim-app.INFO: Showing '/' POST processing checkin [] {"uid":"fad8b0f"}
[2016-12-10 14:38:01] slim-app.INFO: Showing '/' POST processing checkin [] {"uid":"af9ea84"}
[2016-12-10 15:18:07] slim-app.INFO: Showing '/' POST processing checkin [] {"uid":"ad7d26b"}
[2016-12-10 15:18:07] slim-app.INFO: Parsed body: [] {"uid":"ad7d26b"}
[2016-12-10 15:18:07] slim-app.INFO: Array [] {"uid":"ad7d26b"}
[2016-12-10 15:18:56] slim-app.INFO: Showing '/' POST processing checkin [] {"uid":"8d63b2c"}
[2016-12-10 15:18:56] slim-app.INFO: Parsed body: [] {"uid":"8d63b2c"}
[2016-12-10 15:18:56] slim-app.INFO:  [] {"uid":"8d63b2c"}
[2016-12-10 15:19:38] slim-app.INFO: Showing '/' POST processing checkin [] {"uid":"8f953a0"}
[2016-12-10 15:28:21] slim-app.INFO: Showing '/' POST processing checkin [] {"uid":"a9a3bdd"}
[2016-12-10 15:41:53] slim-app.INFO: Showing '/' POST processing checkin [] {"uid":"9b22f37"}
[2016-12-10 15:42:23] slim-app.INFO: Showing '/' POST processing checkin [] {"uid":"fbf1641"}
[2016-12-10 15:42:46] slim-app.INFO: Showing '/' POST processing checkin [] {"uid":"f9e415e"}
[2016-12-10 15:43:20] slim-app.INFO: Showing '/' POST processing checkin [] {"uid":"c0bf962"}
[2016-12-10 15:43:20] slim-app.DEBUG: Error when saving checkin: [] {"uid":"c0bf962"}
[2016-12-10 15:43:20] slim-app.DEBUG: --> SQLSTATE[42S22]: Column not found: 1054 Unknown column 'start_time' in 'field list' [] {"uid":"c0bf962"}
[2016-12-10 15:45:06] slim-app.INFO: Showing '/' POST processing checkin [] {"uid":"38866f7"}
[2016-12-10 15:45:06] slim-app.DEBUG: Error when saving checkin: [] {"uid":"38866f7"}
[2016-12-10 15:45:06] slim-app.DEBUG: --> SQLSTATE[42S22]: Column not found: 1054 Unknown column 'start_time' in 'field list' [] {"uid":"38866f7"}
[2016-12-10 15:48:26] slim-app.INFO: Showing '/' POST processing checkin [] {"uid":"f960b65"}
[2016-12-10 15:48:59] slim-app.INFO: Showing '/' POST processing checkin [] {"uid":"d2f1f0b"}
[2016-12-10 15:49:09] slim-app.INFO: Showing '/' POST processing checkin [] {"uid":"563bff3"}
[2016-12-10 15:49:09] slim-app.DEBUG: Error when saving checkin: [] {"uid":"563bff3"}
[2016-12-10 15:49:09] slim-app.DEBUG: --> SQLSTATE[42S22]: Column not found: 1054 Unknown column 'start_time' in 'field list' [] {"uid":"563bff3"}
[2016-12-10 15:53:31] slim-app.INFO: Showing '/' POST processing checkin [] {"uid":"86ee941"}
[2016-12-10 15:57:23] slim-app.INFO: Showing '/' POST processing checkin [] {"uid":"2ab6391"}
[2016-12-10 16:05:05] slim-app.INFO: Showing '/' POST processing checkin [] {"uid":"0043cd1"}
[2016-12-10 16:06:10] slim-app.INFO: Showing '/' POST processing checkin [] {"uid":"aed2a13"}
[2016-12-10 16:07:27] slim-app.INFO: Showing '/' POST processing checkin [] {"uid":"db253ee"}
[2016-12-10 16:09:14] slim-app.INFO: Showing '/' POST processing checkin [] {"uid":"2be6bc4"}
[2016-12-10 16:10:32] slim-app.INFO: Showing '/' POST processing checkin [] {"uid":"6243e7f"}
[2016-12-10 16:11:05] slim-app.INFO: Showing '/' POST processing checkin [] {"uid":"3812b96"}
[2016-12-10 18:35:54] slim-app.INFO: Showing '/log-in' page [] {"uid":"2f1e3c6"}
[2016-12-10 18:35:55] slim-app.INFO: Showing '/' home page [] {"uid":"2317a8e"}
[2016-12-10 18:46:08] slim-app.INFO: Showing '/' home page [] {"uid":"b559e8e"}
[2016-12-10 18:46:08] slim-app.INFO: Showing '/' home page [] {"uid":"f27c64b"}
[2016-12-10 18:46:39] slim-app.INFO: Showing '/' home page [] {"uid":"928c456"}
[2016-12-10 18:46:40] slim-app.INFO: Showing '/' home page [] {"uid":"a0f3d99"}
[2016-12-10 18:48:57] slim-app.INFO: Showing '/' home page [] {"uid":"341b7db"}
[2016-12-10 18:48:57] slim-app.INFO: Showing '/' home page [] {"uid":"fa70ca0"}
[2016-12-10 18:48:59] slim-app.INFO: Showing '/' home page [] {"uid":"690dbc4"}
[2016-12-10 18:48:59] slim-app.INFO: Showing '/' home page [] {"uid":"96021cd"}
[2016-12-10 18:49:47] slim-app.INFO: Showing '/log-in' page [] {"uid":"6fda350"}
[2016-12-10 18:49:48] slim-app.INFO: Showing '/' home page [] {"uid":"b7a2109"}
[2016-12-10 18:50:01] slim-app.INFO: Showing '/log-in' page [] {"uid":"1ccbdf4"}
[2016-12-10 18:50:02] slim-app.INFO: Showing '/' home page [] {"uid":"cfb2bca"}
[2016-12-10 18:50:06] slim-app.INFO: Showing '/log-in' page [] {"uid":"fb9a4d9"}
[2016-12-10 18:50:06] slim-app.INFO: Showing '/' home page [] {"uid":"f38b85e"}
[2016-12-10 18:50:33] slim-app.INFO: Showing '/log-in' page [] {"uid":"ef955f1"}
[2016-12-10 18:50:34] slim-app.INFO: Showing '/' home page [] {"uid":"fe0f115"}
[2016-12-10 18:50:37] slim-app.INFO: Showing '/log-in' page [] {"uid":"074c9a0"}
[2016-12-10 18:50:37] slim-app.INFO: Showing '/' home page [] {"uid":"3988aaa"}
[2016-12-10 18:50:39] slim-app.INFO: Showing '/log-in' page [] {"uid":"d8675e6"}
[2016-12-10 18:50:39] slim-app.INFO: Showing '/' home page [] {"uid":"1ca1d7a"}
[2016-12-10 18:50:52] slim-app.INFO: Showing '/log-in' page [] {"uid":"1cad4b5"}
[2016-12-10 18:50:52] slim-app.INFO: Showing '/' home page [] {"uid":"8047317"}
[2016-12-10 18:53:04] slim-app.INFO: Showing '/log-in' page [] {"uid":"acaf618"}
[2016-12-10 18:53:04] slim-app.INFO: Showing '/' home page [] {"uid":"e0a799f"}
[2016-12-10 18:58:35] slim-app.INFO: Showing '/log-in' page [] {"uid":"3b19be6"}
[2016-12-10 18:58:36] slim-app.INFO: Showing '/' home page [] {"uid":"c96ddbc"}
[2016-12-10 18:58:42] slim-app.INFO: Showing '/log-in' page [] {"uid":"e75846d"}
[2016-12-10 18:58:42] slim-app.INFO: Showing '/' home page [] {"uid":"0aab41c"}
[2016-12-10 18:59:24] slim-app.INFO: Showing '/log-in' page [] {"uid":"7011e0d"}
[2016-12-10 18:59:24] slim-app.INFO: Showing '/' home page [] {"uid":"26c0967"}
[2016-12-10 18:59:36] slim-app.INFO: Showing '/log-in' page [] {"uid":"48ed53c"}
[2016-12-10 18:59:37] slim-app.INFO: Showing '/' home page [] {"uid":"8251e1a"}
[2016-12-10 19:00:25] slim-app.INFO: Showing '/log-in' page [] {"uid":"9b66cef"}
[2016-12-10 19:00:26] slim-app.INFO: Showing '/' home page [] {"uid":"a906efa"}
[2016-12-10 19:01:09] slim-app.INFO: Showing '/log-in' page [] {"uid":"7e5f578"}
[2016-12-10 19:01:09] slim-app.INFO: Showing '/' home page [] {"uid":"38cf1e0"}
[2016-12-10 19:01:23] slim-app.INFO: Showing '/log-in' page [] {"uid":"74cb512"}
[2016-12-10 19:01:24] slim-app.INFO: Showing '/' home page [] {"uid":"dff02c6"}
[2016-12-10 19:01:31] slim-app.INFO: Showing '/log-in' page [] {"uid":"5b53a23"}
[2016-12-10 19:01:32] slim-app.INFO: Showing '/' home page [] {"uid":"c5f35ab"}
[2016-12-10 19:01:45] slim-app.INFO: Showing '/log-in' page [] {"uid":"4fc45e0"}
[2016-12-10 19:01:45] slim-app.INFO: Showing '/' home page [] {"uid":"c84cc79"}
[2016-12-10 19:02:02] slim-app.INFO: Showing '/log-in' page [] {"uid":"5299efc"}
[2016-12-10 19:02:02] slim-app.INFO: Showing '/' home page [] {"uid":"91a2658"}
[2016-12-10 19:02:34] slim-app.INFO: Showing '/log-in' page [] {"uid":"dc71d72"}
[2016-12-10 19:02:34] slim-app.INFO: Showing '/' home page [] {"uid":"2b4f7a3"}
[2016-12-10 19:02:52] slim-app.INFO: Showing '/log-in' page [] {"uid":"cdc4a0c"}
[2016-12-10 19:02:52] slim-app.INFO: Showing '/' home page [] {"uid":"d0c4118"}
[2016-12-10 19:05:50] slim-app.INFO: Showing '/log-in' page [] {"uid":"c143e75"}
[2016-12-10 19:05:51] slim-app.INFO: Showing '/' home page [] {"uid":"99ba298"}
[2016-12-10 19:07:47] slim-app.INFO: Showing '/log-in' page [] {"uid":"549b589"}
[2016-12-10 19:07:47] slim-app.INFO: Showing '/' home page [] {"uid":"d6d9886"}
[2016-12-10 19:08:39] slim-app.INFO: Showing '/log-in' page [] {"uid":"dfe1502"}
[2016-12-10 19:08:40] slim-app.INFO: Showing '/' home page [] {"uid":"b50ba29"}
[2016-12-10 19:09:11] slim-app.INFO: Showing '/log-in' page [] {"uid":"47daa26"}
[2016-12-10 19:09:12] slim-app.INFO: Showing '/' home page [] {"uid":"82bcd6a"}
[2016-12-10 19:10:28] slim-app.INFO: Showing '/log-in' page [] {"uid":"5215c8c"}
[2016-12-10 19:10:29] slim-app.INFO: Showing '/' home page [] {"uid":"35fa5b8"}
[2016-12-10 19:10:41] slim-app.INFO: Showing '/log-in' page [] {"uid":"d6af273"}
[2016-12-10 19:10:42] slim-app.INFO: Showing '/' home page [] {"uid":"d35cea4"}
[2016-12-10 19:10:59] slim-app.INFO: Showing '/log-in' page [] {"uid":"1427770"}
[2016-12-10 19:10:59] slim-app.INFO: Showing '/' home page [] {"uid":"80a1233"}
[2016-12-10 19:11:11] slim-app.INFO: Showing '/log-in' page [] {"uid":"743ea63"}
[2016-12-10 19:11:12] slim-app.INFO: Showing '/' home page [] {"uid":"d21e1d1"}
[2016-12-10 19:12:48] slim-app.INFO: Showing '/log-in' page [] {"uid":"dca79e1"}
[2016-12-10 19:12:49] slim-app.INFO: Showing '/' home page [] {"uid":"c115f4d"}
[2016-12-10 19:14:01] slim-app.INFO: Showing '/log-in' page [] {"uid":"8c02e84"}
[2016-12-10 19:14:01] slim-app.INFO: Showing '/' home page [] {"uid":"eed2fb3"}
[2016-12-10 19:14:16] slim-app.INFO: Showing '/log-in' page [] {"uid":"0a62c69"}
[2016-12-10 19:14:16] slim-app.INFO: Showing '/' home page [] {"uid":"fdc5558"}
[2016-12-10 19:19:36] slim-app.INFO: Showing '/log-in' page [] {"uid":"e7657d7"}
[2016-12-10 19:19:36] slim-app.INFO: Showing '/' home page [] {"uid":"f20fa4a"}
[2016-12-10 19:19:39] slim-app.INFO: Showing '/' home page [] {"uid":"7613ac6"}
[2016-12-10 19:19:40] slim-app.INFO: Showing '/' home page [] {"uid":"fcd4aeb"}
[2016-12-10 19:19:42] slim-app.INFO: Showing '/' home page [] {"uid":"32ef0ff"}
[2016-12-10 19:19:42] slim-app.INFO: Showing '/' home page [] {"uid":"f373865"}
[2016-12-10 19:20:28] slim-app.INFO: Showing '/' home page [] {"uid":"84d6e38"}
[2016-12-10 19:20:28] slim-app.INFO: Showing '/' home page [] {"uid":"85ed4c5"}
[2016-12-10 19:21:14] slim-app.INFO: Showing '/' home page [] {"uid":"4a31dad"}
[2016-12-10 19:21:14] slim-app.INFO: Showing '/' home page [] {"uid":"7cea198"}
[2016-12-10 19:21:42] slim-app.INFO: Showing '/' home page [] {"uid":"98ea3b2"}
[2016-12-10 19:21:42] slim-app.INFO: Showing '/' home page [] {"uid":"558e006"}
[2016-12-10 19:21:44] slim-app.INFO: Showing '/log-in' page [] {"uid":"ab0f200"}
[2016-12-10 19:21:44] slim-app.INFO: Showing '/' home page [] {"uid":"16d9bfb"}
[2016-12-10 19:23:09] slim-app.INFO: Showing '/log-in' page [] {"uid":"6d65e3a"}
[2016-12-10 19:23:09] slim-app.INFO: Showing '/' home page [] {"uid":"f14f28a"}
[2016-12-10 19:23:23] slim-app.INFO: Showing '/log-in' page [] {"uid":"85398d7"}
[2016-12-10 19:23:24] slim-app.INFO: Showing '/' home page [] {"uid":"5667e47"}
[2016-12-10 19:23:47] slim-app.INFO: Showing '/log-in' page [] {"uid":"fc71e54"}
[2016-12-10 19:23:48] slim-app.INFO: Showing '/' home page [] {"uid":"577f10a"}
[2016-12-10 19:23:59] slim-app.INFO: Showing '/log-in' page [] {"uid":"d4beac3"}
[2016-12-10 19:23:59] slim-app.INFO: Showing '/' home page [] {"uid":"1207c8a"}
[2016-12-10 19:24:00] slim-app.INFO: Showing '/' home page [] {"uid":"1231d28"}
[2016-12-10 19:24:01] slim-app.INFO: Showing '/' home page [] {"uid":"6ce807a"}
[2016-12-10 19:26:15] slim-app.INFO: Showing '/' home page [] {"uid":"c93582d"}
[2016-12-10 19:26:16] slim-app.INFO: Showing '/' home page [] {"uid":"d3c1b75"}
[2016-12-10 19:26:39] slim-app.INFO: Showing '/' home page [] {"uid":"b3018d7"}
[2016-12-10 19:26:40] slim-app.INFO: Showing '/' home page [] {"uid":"f401fcb"}
[2016-12-10 19:28:41] slim-app.INFO: Showing '/log-in' page [] {"uid":"db9b434"}
[2016-12-10 19:28:42] slim-app.INFO: Showing '/' home page [] {"uid":"9deaa09"}
[2016-12-10 19:32:48] slim-app.INFO: Showing '/log-in' page [] {"uid":"8324310"}
[2016-12-10 19:32:49] slim-app.INFO: Showing '/' home page [] {"uid":"d641fbe"}
[2016-12-10 19:34:14] slim-app.INFO: Showing '/log-in' page [] {"uid":"0f97ce6"}
[2016-12-10 19:34:14] slim-app.INFO: Showing '/' home page [] {"uid":"c9800a3"}
[2016-12-10 19:36:03] slim-app.INFO: Showing '/log-in' page [] {"uid":"78c112a"}
[2016-12-10 19:36:03] slim-app.INFO: Showing '/' home page [] {"uid":"421ec5f"}
[2016-12-10 19:36:32] slim-app.INFO: Showing '/log-in' page [] {"uid":"b18c60d"}
[2016-12-10 19:36:33] slim-app.INFO: Showing '/' home page [] {"uid":"ed0d084"}
[2016-12-10 19:36:38] slim-app.INFO: Showing '/log-in' page [] {"uid":"3fd7053"}
[2016-12-10 19:36:39] slim-app.INFO: Showing '/' home page [] {"uid":"584bb92"}
[2016-12-10 19:36:43] slim-app.INFO: Showing '/log-in' page [] {"uid":"7c366b6"}
[2016-12-10 19:36:44] slim-app.INFO: Showing '/' home page [] {"uid":"67f844d"}
[2016-12-10 19:39:27] slim-app.INFO: Showing '/log-in' page [] {"uid":"1df1fdb"}
[2016-12-10 19:39:27] slim-app.INFO: Showing '/' home page [] {"uid":"da6a283"}
[2016-12-10 19:39:35] slim-app.INFO: Showing '/log-in' page [] {"uid":"ab3bd7a"}
[2016-12-10 19:39:36] slim-app.INFO: Showing '/' home page [] {"uid":"bd5bec7"}
[2016-12-10 19:41:30] slim-app.INFO: Showing '/log-in' page [] {"uid":"237964b"}
[2016-12-10 19:41:30] slim-app.INFO: Showing '/' home page [] {"uid":"f46edb1"}
[2016-12-10 19:41:45] slim-app.INFO: Showing '/log-in' page [] {"uid":"f117bc5"}
[2016-12-10 19:41:46] slim-app.INFO: Showing '/' home page [] {"uid":"d27d16b"}
[2016-12-10 19:43:51] slim-app.INFO: Showing '/log-in' page [] {"uid":"2e22599"}
[2016-12-10 19:43:52] slim-app.INFO: Showing '/' home page [] {"uid":"006bf8a"}
[2016-12-10 19:44:00] slim-app.INFO: Showing '/log-in' page [] {"uid":"bb70a0f"}
[2016-12-10 19:44:01] slim-app.INFO: Showing '/' home page [] {"uid":"0e598e0"}
[2016-12-10 19:44:03] slim-app.INFO: Showing '/' home page [] {"uid":"e003809"}
[2016-12-10 19:44:04] slim-app.INFO: Showing '/' home page [] {"uid":"7a86d32"}
[2016-12-10 19:46:00] slim-app.INFO: Showing '/' home page [] {"uid":"1893d15"}
[2016-12-10 19:46:00] slim-app.INFO: Showing '/' home page [] {"uid":"acc2a90"}
[2016-12-10 19:46:01] slim-app.INFO: Showing '/' home page [] {"uid":"ffc0efd"}
[2016-12-10 19:46:02] slim-app.INFO: Showing '/' home page [] {"uid":"eeaa552"}
[2016-12-10 19:46:03] slim-app.INFO: Showing '/log-in' page [] {"uid":"4020bae"}
[2016-12-10 19:46:03] slim-app.INFO: Showing '/' home page [] {"uid":"e1039a4"}
[2016-12-10 19:46:13] slim-app.INFO: Showing '/' home page [] {"uid":"bbb07c7"}
[2016-12-10 19:46:14] slim-app.INFO: Showing '/' home page [] {"uid":"2b62959"}
[2016-12-10 19:46:31] slim-app.INFO: Showing '/' home page [] {"uid":"5af0f77"}
[2016-12-10 19:46:32] slim-app.INFO: Showing '/' home page [] {"uid":"15f8732"}
[2016-12-10 19:46:39] slim-app.INFO: Showing '/' home page [] {"uid":"ce7f081"}
[2016-12-10 19:46:39] slim-app.INFO: Showing '/' home page [] {"uid":"2145683"}
[2016-12-10 20:07:57] slim-app.INFO: Showing '/' home page [] {"uid":"f310cd6"}
[2016-12-10 20:07:58] slim-app.INFO: Showing '/' home page [] {"uid":"5951dd2"}
[2016-12-10 20:07:59] slim-app.INFO: Showing '/sign-up' page [] {"uid":"df9cf0f"}
[2016-12-10 20:08:00] slim-app.INFO: Showing '/' home page [] {"uid":"aa70522"}
[2016-12-10 20:08:32] slim-app.INFO: Showing '/log-in' page [] {"uid":"47f9eab"}
[2016-12-10 20:08:32] slim-app.INFO: Showing '/' home page [] {"uid":"7634888"}
[2016-12-10 20:08:36] slim-app.INFO: Showing '/' POST processing sign-in form [] {"uid":"e6d11d0"}
[2016-12-10 20:08:36] slim-app.INFO: Showing '/log-in' page [] {"uid":"d148f11"}
[2016-12-10 20:08:37] slim-app.INFO: Showing '/' home page [] {"uid":"8342654"}
[2016-12-10 20:08:44] slim-app.INFO: Showing '/' home page [] {"uid":"a3d06b4"}
[2016-12-10 20:08:45] slim-app.INFO: Showing '/' home page [] {"uid":"57295be"}
[2016-12-10 20:18:50] slim-app.INFO: Showing '/log-in' page [] {"uid":"123cd92"}
[2016-12-10 20:18:51] slim-app.INFO: Showing '/' home page [] {"uid":"8289f48"}
[2016-12-10 20:18:54] slim-app.INFO: Showing '/' home page [] {"uid":"0a50411"}
[2016-12-10 20:18:55] slim-app.INFO: Showing '/' home page [] {"uid":"171bd9d"}
[2016-12-11 01:06:31] slim-app.INFO: Showing '/log-in' page [] {"uid":"0231745"}
[2016-12-11 01:06:31] slim-app.INFO: Showing '/' home page [] {"uid":"cbeedb5"}
[2016-12-11 01:06:33] slim-app.INFO: Showing '/' home page [] {"uid":"ad26917"}
[2016-12-11 01:06:34] slim-app.INFO: Showing '/' home page [] {"uid":"12585c3"}
[2016-12-11 17:01:38] slim-app.INFO: Showing '/' POST processing checkin [] {"uid":"81609dc"}
[2016-12-11 17:01:57] slim-app.INFO: Showing '/' POST processing checkin [] {"uid":"3022b36"}
[2016-12-11 17:08:54] slim-app.INFO: Showing '/' POST processing checkin [] {"uid":"8a5cb29"}
